<?xml version="1.0" encoding="UTF-8"?>
<!-- Generated by org.testng.reporters.JUnitXMLReporter -->
<testsuite hostname="DESKTOP-4PLU86I" ignored="0" name="Test" tests="3" failures="0" timestamp="2020-09-27T08:09:25 IST" time="160.843" errors="0">
  <testcase name="totalValidation" time="57.903" classname="practise.AppiumFramework.ecommerce_tc_4"/>
  <testcase name="totalValidation" time="54.953" classname="practise.AppiumFramework.ecommerce_tc_4"/>
  <testcase name="apiDemo" time="42.873" classname="practise.AppiumFramework.ApiDemoTest"/>
</testsuite> <!-- Test -->
