<?xml version="1.0" encoding="UTF-8"?>
<!-- Generated by org.testng.reporters.JUnitXMLReporter -->
<testsuite hostname="DESKTOP-4PLU86I" ignored="0" name="Test" tests="3" failures="0" timestamp="27 Sep 2020 04:04:42 GMT" time="142.576" errors="0">
  <testcase name="totalValidation" time="51.735" classname="practise.AppiumFramework.ecommerce_tc_4"/>
  <testcase name="totalValidation" time="49.558" classname="practise.AppiumFramework.ecommerce_tc_4"/>
  <testcase name="apiDemo" time="36.237" classname="practise.AppiumFramework.ApiDemoTest"/>
</testsuite> <!-- Test -->
