<?xml version="1.0" encoding="UTF-8"?>
<testsuite xmlns:xsi="http://www.w3.org/2001/XMLSchema-instance" xsi:noNamespaceSchemaLocation="https://maven.apache.org/surefire/maven-surefire-plugin/xsd/surefire-test-report-3.0.xsd" version="3.0" name="TestSuite" time="144.204" tests="3" errors="0" skipped="0" failures="0">
  <properties>
[...]
</properties>
  <testcase name="totalValidation[hello](1)" classname="practise.AppiumFramework.ecommerce_tc_4" time="51.737">
    <system-out><![CDATA[[TestNGContentHandler] [WARN] It is strongly recommended to add "<!DOCTYPE suite SYSTEM "http://testng.org/testng-1.0.dtd" >" at the top of your file, otherwise TestNG may fail or not work as expected.
C:\Users\DELL
&amp#27;[35m[Appium]&amp#27;[39m Welcome to Appium v1.18.1
&amp#27;[35m[Appium]&amp#27;[39m Non-default server args:
&amp#27;[35m[Appium]&amp#27;[39m   address: 127.0.0.1
&amp#27;[35m[Appium]&amp#27;[39m   sessionOverride: true
&amp#27;[35m[Appium]&amp#27;[39m   logFile: C:\Users\DELL\AppiumServerLogs.txt
&amp#27;[35m[Appium]&amp#27;[39m Appium REST http interface listener started on 127.0.0.1:4723
&amp#27;[35m[HTTP]&amp#27;[39m &amp#27;[37m-->&amp#27;[39m &amp#27;[37mGET&amp#27;[39m &amp#27;[37m/wd/hub/status&amp#27;[39m
&amp#27;[35m[HTTP]&amp#27;[39m &amp#27;[90m{}&amp#27;[39m
[debug] &amp#27;[35m[GENERIC]&amp#27;[39m Calling AppiumDriver.getStatus() with args: []
[debug] &amp#27;[35m[GENERIC]&amp#27;[39m Responding to client with driver.getStatus() result: {"build":{"version":"1.18.1"}}
&amp#27;[35m[HTTP]&amp#27;[39m &amp#27;[37m<-- GET /wd/hub/status &amp#27;[39m&amp#27;[32m200&amp#27;[39m &amp#27;[90m6 ms - 68&amp#27;[39m
&amp#27;[35m[HTTP]&amp#27;[39m &amp#27;[90m&amp#27;[39m
&amp#27;[35m[HTTP]&amp#27;[39m &amp#27;[37m-->&amp#27;[39m &amp#27;[37mPOST&amp#27;[39m &amp#27;[37m/wd/hub/session&amp#27;[39m
&amp#27;[35m[HTTP]&amp#27;[39m &amp#27;[90m{"desiredCapabilities":{"app":"C:\\Users\\DELL\\eclipse-workspace\\AppiumFramework\\src\\General-Store.apk","automationName":"uiautomator2","platformName":"Android","deviceName":"AshishEmulator"},"capabilities":{"firstMatch":[{"appium:app":"C:\\Users\\DELL\\eclipse-workspace\\AppiumFramework\\src\\General-Store.apk","appium:automationName":"uiautomator2","appium:deviceName":"AshishEmulator","platformName":"android"}]}}&amp#27;[39m
[debug] &amp#27;[35m[W3C]&amp#27;[39m Calling AppiumDriver.createSession() with args: [{"app":"C:\\Users\\DELL\\eclipse-workspace\\AppiumFramework\\src\\General-Store.apk","automationName":"uiautomator2","platformName":"Android","deviceName":"AshishEmulator"},null,{"firstMatch":[{"appium:app":"C:\\Users\\DELL\\eclipse-workspace\\AppiumFramework\\src\\General-Store.apk","appium:automationName":"uiautomator2","appium:deviceName":"AshishEmulator","platformName":"android"}]}]
[debug] &amp#27;[35m[BaseDriver]&amp#27;[39m Event 'newSessionRequested' logged at 1601179366460 (09:32:46 GMT+0530 (India Standard Time))
&amp#27;[35m[Appium]&amp#27;[39m Appium v1.18.1 creating new AndroidUiautomator2Driver (v1.56.1) session
[debug] &amp#27;[35m[Appium]&amp#27;[39m There are no active sessions for cleanup
[debug] &amp#27;[35m[BaseDriver]&amp#27;[39m W3C capabilities and MJSONWP desired capabilities were provided
[debug] &amp#27;[35m[BaseDriver]&amp#27;[39m Creating session with W3C capabilities: {
[debug] &amp#27;[35m[BaseDriver]&amp#27;[39m   "alwaysMatch": {
[debug] &amp#27;[35m[BaseDriver]&amp#27;[39m     "platformName": "android",
[debug] &amp#27;[35m[BaseDriver]&amp#27;[39m     "appium:app": "C:\\Users\\DELL\\eclipse-workspace\\AppiumFramework\\src\\General-Store.apk",
[debug] &amp#27;[35m[BaseDriver]&amp#27;[39m     "appium:automationName": "uiautomator2",
[debug] &amp#27;[35m[BaseDriver]&amp#27;[39m     "appium:deviceName": "AshishEmulator"
[debug] &amp#27;[35m[BaseDriver]&amp#27;[39m   },
[debug] &amp#27;[35m[BaseDriver]&amp#27;[39m   "firstMatch": [
[debug] &amp#27;[35m[BaseDriver]&amp#27;[39m     {}
[debug] &amp#27;[35m[BaseDriver]&amp#27;[39m   ]
[debug] &amp#27;[35m[BaseDriver]&amp#27;[39m }
&amp#27;[35m[BaseDriver]&amp#27;[39m Session created with session id: bf2836e9-4447-4038-8fd4-0d8f1b46a1af
&amp#27;[35m[BaseDriver]&amp#27;[39m Using local app 'C:\Users\DELL\eclipse-workspace\AppiumFramework\src\General-Store.apk'
[debug] &amp#27;[35m[UiAutomator2]&amp#27;[39m Checking whether app is actually present
&amp#27;[35m[ADB]&amp#27;[39m Found 1 'build-tools' folders under 'C:\Users\DELL\AppData\Local\Android\Sdk' (newest first):
&amp#27;[35m[ADB]&amp#27;[39m     C:/Users/DELL/AppData/Local/Android/Sdk/build-tools/30.0.2
&amp#27;[35m[ADB]&amp#27;[39m Using 'adb.exe' from 'C:\Users\DELL\AppData\Local\Android\Sdk\platform-tools\adb.exe'
[debug] &amp#27;[35m[ADB]&amp#27;[39m Running 'C:\Users\DELL\AppData\Local\Android\Sdk\platform-tools\adb.exe -P 5037 start-server'
&amp#27;[35m[AndroidDriver]&amp#27;[39m Retrieving device list
[debug] &amp#27;[35m[ADB]&amp#27;[39m Trying to find a connected android device
[debug] &amp#27;[35m[ADB]&amp#27;[39m Getting connected devices
[debug] &amp#27;[35m[ADB]&amp#27;[39m Connected devices: [{"udid":"emulator-5554","state":"device"}]
&amp#27;[35m[AndroidDriver]&amp#27;[39m Using device: emulator-5554
&amp#27;[35m[ADB]&amp#27;[39m Using 'adb.exe' from 'C:\Users\DELL\AppData\Local\Android\Sdk\platform-tools\adb.exe'
[debug] &amp#27;[35m[ADB]&amp#27;[39m Running 'C:\Users\DELL\AppData\Local\Android\Sdk\platform-tools\adb.exe -P 5037 start-server'
[debug] &amp#27;[35m[ADB]&amp#27;[39m Setting device id to emulator-5554
[debug] &amp#27;[35m[ADB]&amp#27;[39m Running 'C:\Users\DELL\AppData\Local\Android\Sdk\platform-tools\adb.exe -P 5037 -s emulator-5554 shell getprop ro.build.version.sdk'
[debug] &amp#27;[35m[ADB]&amp#27;[39m Current device property 'ro.build.version.sdk': 28
&amp#27;[35m[ADB]&amp#27;[39m Getting device platform version
[debug] &amp#27;[35m[ADB]&amp#27;[39m Running 'C:\Users\DELL\AppData\Local\Android\Sdk\platform-tools\adb.exe -P 5037 -s emulator-5554 shell getprop ro.build.version.release'
[debug] &amp#27;[35m[ADB]&amp#27;[39m Current device property 'ro.build.version.release': 9
[debug] &amp#27;[35m[ADB]&amp#27;[39m Device API level: 28
&amp#27;[35m[UiAutomator2]&amp#27;[39m Relaxing hidden api policy
[debug] &amp#27;[35m[ADB]&amp#27;[39m Running 'C:\Users\DELL\AppData\Local\Android\Sdk\platform-tools\adb.exe -P 5037 -s emulator-5554 shell 'settings put global hidden_api_policy_pre_p_apps 1;settings put global hidden_api_policy_p_apps 1;settings put global hidden_api_policy 1''
[debug] &amp#27;[35m[AndroidDriver]&amp#27;[39m Parsing package and activity from app manifest
&amp#27;[35m[ADB]&amp#27;[39m Package name: 'com.androidsample.generalstore'
&amp#27;[35m[ADB]&amp#27;[39m Main activity name: 'com.androidsample.generalstore.SplashActivity'
[debug] &amp#27;[35m[AndroidDriver]&amp#27;[39m Parsed package and activity are: com.androidsample.generalstore/com.androidsample.generalstore.SplashActivity
[debug] &amp#27;[35m[ADB]&amp#27;[39m Running 'C:\Users\DELL\AppData\Local\Android\Sdk\platform-tools\adb.exe -P 5037 -s emulator-5554 wait-for-device'
[debug] &amp#27;[35m[ADB]&amp#27;[39m Running 'C:\Users\DELL\AppData\Local\Android\Sdk\platform-tools\adb.exe -P 5037 -s emulator-5554 shell echo ping'
[debug] &amp#27;[35m[AndroidDriver]&amp#27;[39m Pushing settings apk to device...
[debug] &amp#27;[35m[ADB]&amp#27;[39m Getting install status for io.appium.settings
[debug] &amp#27;[35m[ADB]&amp#27;[39m Running 'C:\Users\DELL\AppData\Local\Android\Sdk\platform-tools\adb.exe -P 5037 -s emulator-5554 shell dumpsys package io.appium.settings'
[debug] &amp#27;[35m[ADB]&amp#27;[39m 'io.appium.settings' is installed
[debug] &amp#27;[35m[ADB]&amp#27;[39m Getting package info for 'io.appium.settings'
[debug] &amp#27;[35m[ADB]&amp#27;[39m Running 'C:\Users\DELL\AppData\Local\Android\Sdk\platform-tools\adb.exe -P 5037 -s emulator-5554 shell dumpsys package io.appium.settings'
[debug] &amp#27;[35m[ADB]&amp#27;[39m The version name of the installed 'io.appium.settings' is greater or equal to the application version name ('3.2.0' >= '3.2.0')
[debug] &amp#27;[35m[ADB]&amp#27;[39m There is no need to install/upgrade 'C:\Users\DELL\AppData\Roaming\npm\node_modules\appium\node_modules\io.appium.settings\apks\settings_apk-debug.apk'
[debug] &amp#27;[35m[ADB]&amp#27;[39m Getting IDs of all 'io.appium.settings' processes
[debug] &amp#27;[35m[ADB]&amp#27;[39m Running 'C:\Users\DELL\AppData\Local\Android\Sdk\platform-tools\adb.exe -P 5037 -s emulator-5554 shell 'pgrep --help; echo $?''
[debug] &amp#27;[35m[ADB]&amp#27;[39m Running 'C:\Users\DELL\AppData\Local\Android\Sdk\platform-tools\adb.exe -P 5037 -s emulator-5554 shell pgrep -f io\\.appium\\.settings'
[debug] &amp#27;[35m[AndroidDriver]&amp#27;[39m io.appium.settings is already running. There is no need to reset its permissions.
[debug] &amp#27;[35m[Logcat]&amp#27;[39m Starting logs capture with command: C:\\Users\\DELL\\AppData\\Local\\Android\\Sdk\\platform-tools\\adb.exe -P 5037 -s emulator-5554 logcat -v threadtime
[debug] &amp#27;[35m[UiAutomator2]&amp#27;[39m Forwarding UiAutomator2 Server port 6790 to 8200
[debug] &amp#27;[35m[ADB]&amp#27;[39m Forwarding system: 8200 to device: 6790
[debug] &amp#27;[35m[ADB]&amp#27;[39m Running 'C:\Users\DELL\AppData\Local\Android\Sdk\platform-tools\adb.exe -P 5037 -s emulator-5554 forward tcp\:8200 tcp\:6790'
[debug] &amp#27;[35m[ADB]&amp#27;[39m Getting install status for io.appium.uiautomator2.server
[debug] &amp#27;[35m[ADB]&amp#27;[39m Running 'C:\Users\DELL\AppData\Local\Android\Sdk\platform-tools\adb.exe -P 5037 -s emulator-5554 shell dumpsys package io.appium.uiautomator2.server'
[debug] &amp#27;[35m[ADB]&amp#27;[39m 'io.appium.uiautomator2.server' is installed
[debug] &amp#27;[35m[ADB]&amp#27;[39m Getting package info for 'io.appium.uiautomator2.server'
[debug] &amp#27;[35m[ADB]&amp#27;[39m Running 'C:\Users\DELL\AppData\Local\Android\Sdk\platform-tools\adb.exe -P 5037 -s emulator-5554 shell dumpsys package io.appium.uiautomator2.server'
[debug] &amp#27;[35m[ADB]&amp#27;[39m The version name of the installed 'io.appium.uiautomator2.server' is greater or equal to the application version name ('4.12.2' >= '4.12.2')
[debug] &amp#27;[35m[UiAutomator2]&amp#27;[39m io.appium.uiautomator2.server installation state: sameVersionInstalled
[debug] &amp#27;[35m[ADB]&amp#27;[39m Checking app cert for C:\Users\DELL\AppData\Roaming\npm\node_modules\appium\node_modules\appium-uiautomator2-server\apks\appium-uiautomator2-server-v4.12.2.apk
&amp#27;[35m[ADB]&amp#27;[39m Using 'apksigner.jar' from 'C:\Users\DELL\AppData\Local\Android\Sdk\build-tools\30.0.2\lib\apksigner.jar'
[debug] &amp#27;[35m[ADB]&amp#27;[39m Starting apksigner: 'C:\\Program Files\\Java\\jdk1.8.0_261\\bin\\java.exe' -Xmx1024M -Xss1m -jar C:\\Users\\DELL\\AppData\\Local\\Android\\Sdk\\build-tools\\30.0.2\\lib\\apksigner.jar verify --print-certs C:\\Users\\DELL\\AppData\\Roaming\\npm\\node_modules\\appium\\node_modules\\appium-uiautomator2-server\\apks\\appium-uiautomator2-server-v4.12.2.apk
[debug] &amp#27;[35m[ADB]&amp#27;[39m apksigner stdout: Signer #1 certificate DN: EMAILADDRESS=android@android.com, CN=Android, OU=Android, O=Android, L=Mountain View, ST=California, C=US
[debug] &amp#27;[35m[ADB]&amp#27;[39m Signer #1 certificate SHA-256 digest: a40da80a59d170caa950cf15c18c454d47a39b26989d8b640ecd745ba71bf5dc
[debug] &amp#27;[35m[ADB]&amp#27;[39m Signer #1 certificate SHA-1 digest: 61ed377e85d386a8dfee6b864bd85b0bfaa5af81
[debug] &amp#27;[35m[ADB]&amp#27;[39m Signer #1 certificate MD5 digest: e89b158e4bcf988ebd09eb83f5378e87
[debug] &amp#27;[35m[ADB]&amp#27;[39m 
[debug] &amp#27;[35m[ADB]&amp#27;[39m 'C:\Users\DELL\AppData\Roaming\npm\node_modules\appium\node_modules\appium-uiautomator2-server\apks\appium-uiautomator2-server-v4.12.2.apk' is signed with the default certificate
[debug] &amp#27;[35m[ADB]&amp#27;[39m Getting install status for io.appium.uiautomator2.server.test
[debug] &amp#27;[35m[ADB]&amp#27;[39m Running 'C:\Users\DELL\AppData\Local\Android\Sdk\platform-tools\adb.exe -P 5037 -s emulator-5554 shell dumpsys package io.appium.uiautomator2.server.test'
[debug] &amp#27;[35m[ADB]&amp#27;[39m 'io.appium.uiautomator2.server.test' is installed
[debug] &amp#27;[35m[ADB]&amp#27;[39m Checking app cert for C:\Users\DELL\AppData\Roaming\npm\node_modules\appium\node_modules\appium-uiautomator2-server\apks\appium-uiautomator2-server-debug-androidTest.apk
[debug] &amp#27;[35m[ADB]&amp#27;[39m Starting apksigner: 'C:\\Program Files\\Java\\jdk1.8.0_261\\bin\\java.exe' -Xmx1024M -Xss1m -jar C:\\Users\\DELL\\AppData\\Local\\Android\\Sdk\\build-tools\\30.0.2\\lib\\apksigner.jar verify --print-certs C:\\Users\\DELL\\AppData\\Roaming\\npm\\node_modules\\appium\\node_modules\\appium-uiautomator2-server\\apks\\appium-uiautomator2-server-debug-androidTest.apk
[debug] &amp#27;[35m[ADB]&amp#27;[39m apksigner stdout: Signer #1 certificate DN: EMAILADDRESS=android@android.com, CN=Android, OU=Android, O=Android, L=Mountain View, ST=California, C=US
[debug] &amp#27;[35m[ADB]&amp#27;[39m Signer #1 certificate SHA-256 digest: a40da80a59d170caa950cf15c18c454d47a39b26989d8b640ecd745ba71bf5dc
[debug] &amp#27;[35m[ADB]&amp#27;[39m Signer #1 certificate SHA-1 digest: 61ed377e85d386a8dfee6b864bd85b0bfaa5af81
[debug] &amp#27;[35m[ADB]&amp#27;[39m Signer #1 certificate MD5 digest: e89b158e4bcf988ebd09eb83f5378e87
[debug] &amp#27;[35m[ADB]&amp#27;[39m 
[debug] &amp#27;[35m[ADB]&amp#27;[39m 'C:\Users\DELL\AppData\Roaming\npm\node_modules\appium\node_modules\appium-uiautomator2-server\apks\appium-uiautomator2-server-debug-androidTest.apk' is signed with the default certificate
&amp#27;[35m[UiAutomator2]&amp#27;[39m Server packages are not going to be (re)installed
[debug] &amp#27;[35m[UiAutomator2]&amp#27;[39m Waiting up to 30000ms for services to be available
[debug] &amp#27;[35m[ADB]&amp#27;[39m Running 'C:\Users\DELL\AppData\Local\Android\Sdk\platform-tools\adb.exe -P 5037 -s emulator-5554 shell pm list instrumentation'
[debug] &amp#27;[35m[UiAutomator2]&amp#27;[39m Instrumentation target 'io.appium.uiautomator2.server.test/androidx.test.runner.AndroidJUnitRunner' is available
[debug] &amp#27;[35m[ADB]&amp#27;[39m Checking app cert for C:\Users\DELL\eclipse-workspace\AppiumFramework\src\General-Store.apk
[debug] &amp#27;[35m[ADB]&amp#27;[39m Starting apksigner: 'C:\\Program Files\\Java\\jdk1.8.0_261\\bin\\java.exe' -Xmx1024M -Xss1m -jar C:\\Users\\DELL\\AppData\\Local\\Android\\Sdk\\build-tools\\30.0.2\\lib\\apksigner.jar verify --print-certs C:\\Users\\DELL\\eclipse-workspace\\AppiumFramework\\src\\General-Store.apk
[debug] &amp#27;[35m[ADB]&amp#27;[39m apksigner stdout: Signer #1 certificate DN: EMAILADDRESS=android@android.com, CN=Android, OU=Android, O=Android, L=Mountain View, ST=California, C=US
[debug] &amp#27;[35m[ADB]&amp#27;[39m Signer #1 certificate SHA-256 digest: a40da80a59d170caa950cf15c18c454d47a39b26989d8b640ecd745ba71bf5dc
[debug] &amp#27;[35m[ADB]&amp#27;[39m Signer #1 certificate SHA-1 digest: 61ed377e85d386a8dfee6b864bd85b0bfaa5af81
[debug] &amp#27;[35m[ADB]&amp#27;[39m Signer #1 certificate MD5 digest: e89b158e4bcf988ebd09eb83f5378e87
[debug] &amp#27;[35m[ADB]&amp#27;[39m 
[debug] &amp#27;[35m[ADB]&amp#27;[39m 'C:\Users\DELL\eclipse-workspace\AppiumFramework\src\General-Store.apk' is signed with the default certificate
[debug] &amp#27;[35m[ADB]&amp#27;[39m Getting install status for com.androidsample.generalstore
[debug] &amp#27;[35m[ADB]&amp#27;[39m Running 'C:\Users\DELL\AppData\Local\Android\Sdk\platform-tools\adb.exe -P 5037 -s emulator-5554 shell dumpsys package com.androidsample.generalstore'
[debug] &amp#27;[35m[ADB]&amp#27;[39m 'com.androidsample.generalstore' is installed
[debug] &amp#27;[35m[ADB]&amp#27;[39m Getting package info for 'com.androidsample.generalstore'
[debug] &amp#27;[35m[ADB]&amp#27;[39m Running 'C:\Users\DELL\AppData\Local\Android\Sdk\platform-tools\adb.exe -P 5037 -s emulator-5554 shell dumpsys package com.androidsample.generalstore'
[debug] &amp#27;[35m[ADB]&amp#27;[39m The version name of the installed 'com.androidsample.generalstore' is greater or equal to the application version name ('1.0.0' >= '1.0.0')
[debug] &amp#27;[35m[ADB]&amp#27;[39m There is no need to install/upgrade 'C:\Users\DELL\eclipse-workspace\AppiumFramework\src\General-Store.apk'
&amp#27;[35m[AndroidDriver]&amp#27;[39m Performing fast reset on 'com.androidsample.generalstore'
[debug] &amp#27;[35m[ADB]&amp#27;[39m Getting install status for com.androidsample.generalstore
[debug] &amp#27;[35m[ADB]&amp#27;[39m Running 'C:\Users\DELL\AppData\Local\Android\Sdk\platform-tools\adb.exe -P 5037 -s emulator-5554 shell dumpsys package com.androidsample.generalstore'
[debug] &amp#27;[35m[ADB]&amp#27;[39m 'com.androidsample.generalstore' is installed
[debug] &amp#27;[35m[ADB]&amp#27;[39m Running 'C:\Users\DELL\AppData\Local\Android\Sdk\platform-tools\adb.exe -P 5037 -s emulator-5554 shell am force-stop com.androidsample.generalstore'
[debug] &amp#27;[35m[ADB]&amp#27;[39m Running 'C:\Users\DELL\AppData\Local\Android\Sdk\platform-tools\adb.exe -P 5037 -s emulator-5554 shell pm clear com.androidsample.generalstore'
[debug] &amp#27;[35m[AndroidDriver]&amp#27;[39m Performed fast reset on the installed 'com.androidsample.generalstore' application (stop and clear)
[debug] &amp#27;[35m[UiAutomator2]&amp#27;[39m Performing shallow cleanup of automation leftovers
[debug] &amp#27;[35m[UiAutomator2]&amp#27;[39m The following obsolete sessions are still running: [null]
[debug] &amp#27;[35m[UiAutomator2]&amp#27;[39m Cleaning up the obsolete sessions
[debug] &amp#27;[35m[ADB]&amp#27;[39m Running 'C:\Users\DELL\AppData\Local\Android\Sdk\platform-tools\adb.exe -P 5037 -s emulator-5554 shell am force-stop io.appium.uiautomator2.server.test'
&amp#27;[35m[UiAutomator2]&amp#27;[39m Starting UIAutomator2 server 4.12.2
&amp#27;[35m[UiAutomator2]&amp#27;[39m Using UIAutomator2 server from 'C:\Users\DELL\AppData\Roaming\npm\node_modules\appium\node_modules\appium-uiautomator2-server\apks\appium-uiautomator2-server-v4.12.2.apk' and test from 'C:\Users\DELL\AppData\Roaming\npm\node_modules\appium\node_modules\appium-uiautomator2-server\apks\appium-uiautomator2-server-debug-androidTest.apk'
&amp#27;[35m[UiAutomator2]&amp#27;[39m Waiting up to 30000ms for UiAutomator2 to be online...
[debug] &amp#27;[35m[ADB]&amp#27;[39m Creating ADB subprocess with args: ["-P",5037,"-s","emulator-5554","shell","am","instrument","-w","io.appium.uiautomator2.server.test/androidx.test.runner.AndroidJUnitRunner"]
[debug] &amp#27;[35m[Instrumentation]&amp#27;[39m io.appium.uiautomator2.server.test.AppiumUiAutomator2Server:
[debug] &amp#27;[35m[WD Proxy]&amp#27;[39m Matched '/status' to command name 'getStatus'
[debug] &amp#27;[35m[WD Proxy]&amp#27;[39m Proxying [GET /status] to [GET http://127.0.0.1:8200/wd/hub/status] with no body
&amp#27;[35m[WD Proxy]&amp#27;[39m socket hang up
[debug] &amp#27;[35m[WD Proxy]&amp#27;[39m Matched '/status' to command name 'getStatus'
[debug] &amp#27;[35m[WD Proxy]&amp#27;[39m Proxying [GET /status] to [GET http://127.0.0.1:8200/wd/hub/status] with no body
[debug] &amp#27;[35m[WD Proxy]&amp#27;[39m Got response with status 200: {"sessionId":"None","value":{"message":"UiAutomator2 Server is ready to accept commands","ready":true}}
[debug] &amp#27;[35m[UiAutomator2]&amp#27;[39m The initialization of the instrumentation process took 2114ms
[debug] &amp#27;[35m[WD Proxy]&amp#27;[39m Matched '/session' to command name 'createSession'
[debug] &amp#27;[35m[WD Proxy]&amp#27;[39m Proxying [POST /session] to [POST http://127.0.0.1:8200/wd/hub/session] with body: {"capabilities":{"firstMatch":[{"platform":"LINUX","webStorageEnabled":false,"takesScreenshot":true,"javascriptEnabled":true,"databaseEnabled":false,"networkConnectionEnabled":true,"locationContextEnabled":false,"warnings":{},"desired":{"platformName":"android","app":"C:\\Users\\DELL\\eclipse-workspace\\AppiumFramework\\src\\General-Store.apk","automationName":"uiautomator2","deviceName":"AshishEmulator"},"platformName":"android","app":"C:\\Users\\DELL\\eclipse-workspace\\AppiumFramework\\src\\General-Store.apk","automationName":"uiautomator2","deviceName":"emulator-5554","deviceUDID":"emulator-5554","appPackage":"com.androidsample.generalstore"}],"alwaysMatch":{}}}
[debug] &amp#27;[35m[WD Proxy]&amp#27;[39m Got response with status 200: {"sessionId":"a55343cf-3b33-476b-9ab6-1ab879484306","value":{"capabilities":{"firstMatch":[{"platform":"LINUX","webStorageEnabled":false,"takesScreenshot":true,"javascriptEnabled":true,"databaseEnabled":false,"networkConnectionEnabled":true,"locationContextEnabled":false,"warnings":{},"desired":{"platformName":"android","app":"C:\\Users\\DELL\\eclipse-workspace\\AppiumFramework\\src\\General-Store.apk","automationName":"uiautomator2","deviceName":"AshishEmulator"},"platformName":"android","app":"C:\\Users\\DELL\\eclipse-workspace\\AppiumFramework\\src\\General-Store.apk","automationName":"uiautomator2","deviceName":"emulator-5554","deviceUDID":"emulator-5554","appPackage":"com.androidsample.generalstore"}],"alwaysMatch":{}},"sessionId":"a55343cf-3b33-476b-9ab6-1ab879484306"}}
&amp#27;[35m[WD Proxy]&amp#27;[39m Determined the downstream protocol as 'W3C'
[debug] &amp#27;[35m[WD Proxy]&amp#27;[39m Proxying [GET /appium/device/info] to [GET http://127.0.0.1:8200/wd/hub/session/a55343cf-3b33-476b-9ab6-1ab879484306/appium/device/info] with no body
[debug] &amp#27;[35m[WD Proxy]&amp#27;[39m Got response with status 200: {"sessionId":"a55343cf-3b33-476b-9ab6-1ab879484306","value":{"androidId":"74ee6d4b0f39f69d","apiVersion":"28","bluetooth":null,"brand":"google","carrierName":"Android","displayDensity":440,"locale":"en_US","manufacturer":"Google","model":"AOSP on IA Emulator","networks":[{"capabilities":{"SSID":null,"linkDownBandwidthKbps":1048576,"linkUpstreamBandwidthKbps":1048576,"networkCapabilities":"NET_CAPABILITY_NOT_METERED,NET_CAPABILITY_INTERNET,NET_CAPABILITY_NOT_RESTRICTED,NET_CAPABILITY_TRUSTED,NET_CAPABILITY_NOT_VPN,NET_CAPABILITY_VALIDATED,NET_CAPABILITY_NOT_ROAMING,NET_CAPABILITY_FOREGROUND,NET_CAPABILITY_NOT_CONGESTED,NET_CAPABILITY_NOT_SUSPENDED","signalStrength":-50,"transportTypes":"TRANSPORT_WIFI"},"detailedState":"CONNECTED","extraInfo":null,"isAvailable":true,"isConnected":true,"isFailover":false,"isRoaming":false,"state":"CONNECTED","subtype":0,"subtypeName":"","type":1,"typeName":"WIFI"},{"capabilities":{"SSID":null,"linkDownBandwidthKbps":102400,"linkUpstreamBandwidthKbps":51200,"networkCapabiliti...
[debug] &amp#27;[35m[ADB]&amp#27;[39m Running 'C:\Users\DELL\AppData\Local\Android\Sdk\platform-tools\adb.exe -P 5037 -s emulator-5554 shell dumpsys window'
&amp#27;[35m[AndroidDriver]&amp#27;[39m Screen already unlocked, doing nothing
&amp#27;[35m[UiAutomator2]&amp#27;[39m Starting 'com.androidsample.generalstore/com.androidsample.generalstore.SplashActivity and waiting for 'com.androidsample.generalstore/com.androidsample.generalstore.SplashActivity'
[debug] &amp#27;[35m[ADB]&amp#27;[39m Running 'C:\Users\DELL\AppData\Local\Android\Sdk\platform-tools\adb.exe -P 5037 -s emulator-5554 shell am start -W -n com.androidsample.generalstore/com.androidsample.generalstore.SplashActivity -S -a android.intent.action.MAIN -c android.intent.category.LAUNCHER -f 0x10200000'
[debug] &amp#27;[35m[ADB]&amp#27;[39m Waiting up to 20000ms for activity matching pkg: 'com.androidsample.generalstore' and activity: 'com.androidsample.generalstore.SplashActivity' to be focused
[debug] &amp#27;[35m[ADB]&amp#27;[39m Possible activities, to be checked: 'com.androidsample.generalstore.SplashActivity', 'com.androidsample.generalstore.com.androidsample.generalstore.SplashActivity'
[debug] &amp#27;[35m[ADB]&amp#27;[39m Getting focused package and activity
[debug] &amp#27;[35m[ADB]&amp#27;[39m Running 'C:\Users\DELL\AppData\Local\Android\Sdk\platform-tools\adb.exe -P 5037 -s emulator-5554 shell dumpsys window windows'
[debug] &amp#27;[35m[ADB]&amp#27;[39m Found package: 'com.androidsample.generalstore' and fully qualified activity name : 'com.androidsample.generalstore.SplashActivity'
[debug] &amp#27;[35m[WD Proxy]&amp#27;[39m Proxying [GET /appium/device/pixel_ratio] to [GET http://127.0.0.1:8200/wd/hub/session/a55343cf-3b33-476b-9ab6-1ab879484306/appium/device/pixel_ratio] with no body
[debug] &amp#27;[35m[WD Proxy]&amp#27;[39m Got response with status 200: {"sessionId":"a55343cf-3b33-476b-9ab6-1ab879484306","value":2.75}
[debug] &amp#27;[35m[WD Proxy]&amp#27;[39m Matched '/appium/device/system_bars' to command name 'getSystemBars'
[debug] &amp#27;[35m[WD Proxy]&amp#27;[39m Proxying [GET /appium/device/system_bars] to [GET http://127.0.0.1:8200/wd/hub/session/a55343cf-3b33-476b-9ab6-1ab879484306/appium/device/system_bars] with no body
[debug] &amp#27;[35m[WD Proxy]&amp#27;[39m Got response with status 200: {"sessionId":"a55343cf-3b33-476b-9ab6-1ab879484306","value":{"statusBar":66}}
[debug] &amp#27;[35m[WD Proxy]&amp#27;[39m Matched '/window/current/size' to command name 'getWindowSize'
[debug] &amp#27;[35m[WD Proxy]&amp#27;[39m Proxying [GET /window/current/size] to [GET http://127.0.0.1:8200/wd/hub/session/a55343cf-3b33-476b-9ab6-1ab879484306/window/current/size] with no body
[debug] &amp#27;[35m[WD Proxy]&amp#27;[39m Got response with status 200: {"sessionId":"a55343cf-3b33-476b-9ab6-1ab879484306","value":{"height":2088,"width":1080}}
&amp#27;[35m[Appium]&amp#27;[39m New AndroidUiautomator2Driver session created successfully, session bf2836e9-4447-4038-8fd4-0d8f1b46a1af added to master session list
[debug] &amp#27;[35m[BaseDriver]&amp#27;[39m Event 'newSessionStarted' logged at 1601179377745 (09:32:57 GMT+0530 (India Standard Time))
[debug] &amp#27;[35m[W3C (bf2836e9)]&amp#27;[39m Cached the protocol value 'W3C' for the new session bf2836e9-4447-4038-8fd4-0d8f1b46a1af
[debug] &amp#27;[35m[W3C (bf2836e9)]&amp#27;[39m Responding to client with driver.createSession() result: {"capabilities":{"platform":"LINUX","webStorageEnabled":false,"takesScreenshot":true,"javascriptEnabled":true,"databaseEnabled":false,"networkConnectionEnabled":true,"locationContextEnabled":false,"warnings":{},"desired":{"platformName":"android","app":"C:\\Users\\DELL\\eclipse-workspace\\AppiumFramework\\src\\General-Store.apk","automationName":"uiautomator2","deviceName":"AshishEmulator"},"platformName":"android","app":"C:\\Users\\DELL\\eclipse-workspace\\AppiumFramework\\src\\General-Store.apk","automationName":"uiautomator2","deviceName":"emulator-5554","deviceUDID":"emulator-5554","appPackage":"com.androidsample.generalstore","deviceApiLevel":28,"platformVersion":"9","deviceScreenSize":"1080x2220","deviceScreenDensity":440,"deviceModel":"AOSP on IA Emulator","deviceManufacturer":"Google","pixelRatio":2.75,"statBarHeight":66,"viewportRect":{"left":0,"top":66,"width":1080,"height":2022}}}
&amp#27;[35m[HTTP]&amp#27;[39m &amp#27;[37m<-- POST /wd/hub/session &amp#27;[39m&amp#27;[32m200&amp#27;[39m &amp#27;[90m11294 ms - 965&amp#27;[39m
&amp#27;[35m[HTTP]&amp#27;[39m &amp#27;[90m&amp#27;[39m
&amp#27;[35m[HTTP]&amp#27;[39m &amp#27;[37m-->&amp#27;[39m &amp#27;[37mGET&amp#27;[39m &amp#27;[37m/wd/hub/session/bf2836e9-4447-4038-8fd4-0d8f1b46a1af&amp#27;[39m
&amp#27;[35m[HTTP]&amp#27;[39m &amp#27;[90m{}&amp#27;[39m
[debug] &amp#27;[35m[W3C (bf2836e9)]&amp#27;[39m Calling AppiumDriver.getSession() with args: ["bf2836e9-4447-4038-8fd4-0d8f1b46a1af"]
[debug] &amp#27;[35m[UiAutomator2]&amp#27;[39m Getting session details from server to mix in
[debug] &amp#27;[35m[WD Proxy]&amp#27;[39m Matched '/' to command name 'getSession'
[debug] &amp#27;[35m[WD Proxy]&amp#27;[39m Proxying [GET /] to [GET http://127.0.0.1:8200/wd/hub/session/a55343cf-3b33-476b-9ab6-1ab879484306] with no body
[debug] &amp#27;[35m[WD Proxy]&amp#27;[39m Got response with status 200: {"sessionId":"a55343cf-3b33-476b-9ab6-1ab879484306","value":{"lastScrollData":null}}
[debug] &amp#27;[35m[W3C (bf2836e9)]&amp#27;[39m Responding to client with driver.getSession() result: {"platform":"LINUX","webStorageEnabled":false,"takesScreenshot":true,"javascriptEnabled":true,"databaseEnabled":false,"networkConnectionEnabled":true,"locationContextEnabled":false,"warnings":{},"desired":{"platformName":"android","app":"C:\\Users\\DELL\\eclipse-workspace\\AppiumFramework\\src\\General-Store.apk","automationName":"uiautomator2","deviceName":"AshishEmulator"},"platformName":"android","app":"C:\\Users\\DELL\\eclipse-workspace\\AppiumFramework\\src\\General-Store.apk","automationName":"uiautomator2","deviceName":"emulator-5554","deviceUDID":"emulator-5554","appPackage":"com.androidsample.generalstore","deviceApiLevel":28,"platformVersion":"9","deviceScreenSize":"1080x2220","deviceScreenDensity":440,"deviceModel":"AOSP on IA Emulator","deviceManufacturer":"Google","pixelRatio":2.75,"statBarHeight":66,"viewportRect":{"left":0,"top":66,"width":1080,"height":2022},"lastScrollData":null}
&amp#27;[35m[HTTP]&amp#27;[39m &amp#27;[37m<-- GET /wd/hub/session/bf2836e9-4447-4038-8fd4-0d8f1b46a1af &amp#27;[39m&amp#27;[32m200&amp#27;[39m &amp#27;[90m39 ms - 919&amp#27;[39m
&amp#27;[35m[HTTP]&amp#27;[39m &amp#27;[90m&amp#27;[39m
&amp#27;[35m[HTTP]&amp#27;[39m &amp#27;[37m-->&amp#27;[39m &amp#27;[37mGET&amp#27;[39m &amp#27;[37m/wd/hub/session/bf2836e9-4447-4038-8fd4-0d8f1b46a1af&amp#27;[39m
&amp#27;[35m[HTTP]&amp#27;[39m &amp#27;[90m{}&amp#27;[39m
[debug] &amp#27;[35m[W3C (bf2836e9)]&amp#27;[39m Calling AppiumDriver.getSession() with args: ["bf2836e9-4447-4038-8fd4-0d8f1b46a1af"]
[debug] &amp#27;[35m[UiAutomator2]&amp#27;[39m Getting session details from server to mix in
[debug] &amp#27;[35m[WD Proxy]&amp#27;[39m Matched '/' to command name 'getSession'
[debug] &amp#27;[35m[WD Proxy]&amp#27;[39m Proxying [GET /] to [GET http://127.0.0.1:8200/wd/hub/session/a55343cf-3b33-476b-9ab6-1ab879484306] with no body
[debug] &amp#27;[35m[WD Proxy]&amp#27;[39m Got response with status 200: {"sessionId":"a55343cf-3b33-476b-9ab6-1ab879484306","value":{"lastScrollData":null}}
[debug] &amp#27;[35m[W3C (bf2836e9)]&amp#27;[39m Responding to client with driver.getSession() result: {"platform":"LINUX","webStorageEnabled":false,"takesScreenshot":true,"javascriptEnabled":true,"databaseEnabled":false,"networkConnectionEnabled":true,"locationContextEnabled":false,"warnings":{},"desired":{"platformName":"android","app":"C:\\Users\\DELL\\eclipse-workspace\\AppiumFramework\\src\\General-Store.apk","automationName":"uiautomator2","deviceName":"AshishEmulator"},"platformName":"android","app":"C:\\Users\\DELL\\eclipse-workspace\\AppiumFramework\\src\\General-Store.apk","automationName":"uiautomator2","deviceName":"emulator-5554","deviceUDID":"emulator-5554","appPackage":"com.androidsample.generalstore","deviceApiLevel":28,"platformVersion":"9","deviceScreenSize":"1080x2220","deviceScreenDensity":440,"deviceModel":"AOSP on IA Emulator","deviceManufacturer":"Google","pixelRatio":2.75,"statBarHeight":66,"viewportRect":{"left":0,"top":66,"width":1080,"height":2022},"lastScrollData":null}
&amp#27;[35m[HTTP]&amp#27;[39m &amp#27;[37m<-- GET /wd/hub/session/bf2836e9-4447-4038-8fd4-0d8f1b46a1af &amp#27;[39m&amp#27;[32m200&amp#27;[39m &amp#27;[90m69 ms - 919&amp#27;[39m
&amp#27;[35m[HTTP]&amp#27;[39m &amp#27;[90m&amp#27;[39m
&amp#27;[35m[HTTP]&amp#27;[39m &amp#27;[37m-->&amp#27;[39m &amp#27;[37mGET&amp#27;[39m &amp#27;[37m/wd/hub/session/bf2836e9-4447-4038-8fd4-0d8f1b46a1af&amp#27;[39m
&amp#27;[35m[HTTP]&amp#27;[39m &amp#27;[90m{}&amp#27;[39m
[debug] &amp#27;[35m[W3C (bf2836e9)]&amp#27;[39m Calling AppiumDriver.getSession() with args: ["bf2836e9-4447-4038-8fd4-0d8f1b46a1af"]
[debug] &amp#27;[35m[UiAutomator2]&amp#27;[39m Getting session details from server to mix in
[debug] &amp#27;[35m[WD Proxy]&amp#27;[39m Matched '/' to command name 'getSession'
[debug] &amp#27;[35m[WD Proxy]&amp#27;[39m Proxying [GET /] to [GET http://127.0.0.1:8200/wd/hub/session/a55343cf-3b33-476b-9ab6-1ab879484306] with no body
[debug] &amp#27;[35m[WD Proxy]&amp#27;[39m Got response with status 200: {"sessionId":"a55343cf-3b33-476b-9ab6-1ab879484306","value":{"lastScrollData":null}}
[debug] &amp#27;[35m[W3C (bf2836e9)]&amp#27;[39m Responding to client with driver.getSession() result: {"platform":"LINUX","webStorageEnabled":false,"takesScreenshot":true,"javascriptEnabled":true,"databaseEnabled":false,"networkConnectionEnabled":true,"locationContextEnabled":false,"warnings":{},"desired":{"platformName":"android","app":"C:\\Users\\DELL\\eclipse-workspace\\AppiumFramework\\src\\General-Store.apk","automationName":"uiautomator2","deviceName":"AshishEmulator"},"platformName":"android","app":"C:\\Users\\DELL\\eclipse-workspace\\AppiumFramework\\src\\General-Store.apk","automationName":"uiautomator2","deviceName":"emulator-5554","deviceUDID":"emulator-5554","appPackage":"com.androidsample.generalstore","deviceApiLevel":28,"platformVersion":"9","deviceScreenSize":"1080x2220","deviceScreenDensity":440,"deviceModel":"AOSP on IA Emulator","deviceManufacturer":"Google","pixelRatio":2.75,"statBarHeight":66,"viewportRect":{"left":0,"top":66,"width":1080,"height":2022},"lastScrollData":null}
&amp#27;[35m[HTTP]&amp#27;[39m &amp#27;[37m<-- GET /wd/hub/session/bf2836e9-4447-4038-8fd4-0d8f1b46a1af &amp#27;[39m&amp#27;[32m200&amp#27;[39m &amp#27;[90m65 ms - 919&amp#27;[39m
&amp#27;[35m[HTTP]&amp#27;[39m &amp#27;[90m&amp#27;[39m
&amp#27;[35m[HTTP]&amp#27;[39m &amp#27;[37m-->&amp#27;[39m &amp#27;[37mGET&amp#27;[39m &amp#27;[37m/wd/hub/session/bf2836e9-4447-4038-8fd4-0d8f1b46a1af&amp#27;[39m
&amp#27;[35m[HTTP]&amp#27;[39m &amp#27;[90m{}&amp#27;[39m
[debug] &amp#27;[35m[W3C (bf2836e9)]&amp#27;[39m Calling AppiumDriver.getSession() with args: ["bf2836e9-4447-4038-8fd4-0d8f1b46a1af"]
[debug] &amp#27;[35m[UiAutomator2]&amp#27;[39m Getting session details from server to mix in
[debug] &amp#27;[35m[WD Proxy]&amp#27;[39m Matched '/' to command name 'getSession'
[debug] &amp#27;[35m[WD Proxy]&amp#27;[39m Proxying [GET /] to [GET http://127.0.0.1:8200/wd/hub/session/a55343cf-3b33-476b-9ab6-1ab879484306] with no body
[debug] &amp#27;[35m[WD Proxy]&amp#27;[39m Got response with status 200: {"sessionId":"a55343cf-3b33-476b-9ab6-1ab879484306","value":{"lastScrollData":null}}
[debug] &amp#27;[35m[W3C (bf2836e9)]&amp#27;[39m Responding to client with driver.getSession() result: {"platform":"LINUX","webStorageEnabled":false,"takesScreenshot":true,"javascriptEnabled":true,"databaseEnabled":false,"networkConnectionEnabled":true,"locationContextEnabled":false,"warnings":{},"desired":{"platformName":"android","app":"C:\\Users\\DELL\\eclipse-workspace\\AppiumFramework\\src\\General-Store.apk","automationName":"uiautomator2","deviceName":"AshishEmulator"},"platformName":"android","app":"C:\\Users\\DELL\\eclipse-workspace\\AppiumFramework\\src\\General-Store.apk","automationName":"uiautomator2","deviceName":"emulator-5554","deviceUDID":"emulator-5554","appPackage":"com.androidsample.generalstore","deviceApiLevel":28,"platformVersion":"9","deviceScreenSize":"1080x2220","deviceScreenDensity":440,"deviceModel":"AOSP on IA Emulator","deviceManufacturer":"Google","pixelRatio":2.75,"statBarHeight":66,"viewportRect":{"left":0,"top":66,"width":1080,"height":2022},"lastScrollData":null}
&amp#27;[35m[HTTP]&amp#27;[39m &amp#27;[37m<-- GET /wd/hub/session/bf2836e9-4447-4038-8fd4-0d8f1b46a1af &amp#27;[39m&amp#27;[32m200&amp#27;[39m &amp#27;[90m49 ms - 919&amp#27;[39m
&amp#27;[35m[HTTP]&amp#27;[39m &amp#27;[90m&amp#27;[39m
&amp#27;[35m[HTTP]&amp#27;[39m &amp#27;[37m-->&amp#27;[39m &amp#27;[37mGET&amp#27;[39m &amp#27;[37m/wd/hub/session/bf2836e9-4447-4038-8fd4-0d8f1b46a1af&amp#27;[39m
&amp#27;[35m[HTTP]&amp#27;[39m &amp#27;[90m{}&amp#27;[39m
[debug] &amp#27;[35m[W3C (bf2836e9)]&amp#27;[39m Calling AppiumDriver.getSession() with args: ["bf2836e9-4447-4038-8fd4-0d8f1b46a1af"]
[debug] &amp#27;[35m[UiAutomator2]&amp#27;[39m Getting session details from server to mix in
[debug] &amp#27;[35m[WD Proxy]&amp#27;[39m Matched '/' to command name 'getSession'
[debug] &amp#27;[35m[WD Proxy]&amp#27;[39m Proxying [GET /] to [GET http://127.0.0.1:8200/wd/hub/session/a55343cf-3b33-476b-9ab6-1ab879484306] with no body
[debug] &amp#27;[35m[WD Proxy]&amp#27;[39m Got response with status 200: {"sessionId":"a55343cf-3b33-476b-9ab6-1ab879484306","value":{"lastScrollData":null}}
[debug] &amp#27;[35m[W3C (bf2836e9)]&amp#27;[39m Responding to client with driver.getSession() result: {"platform":"LINUX","webStorageEnabled":false,"takesScreenshot":true,"javascriptEnabled":true,"databaseEnabled":false,"networkConnectionEnabled":true,"locationContextEnabled":false,"warnings":{},"desired":{"platformName":"android","app":"C:\\Users\\DELL\\eclipse-workspace\\AppiumFramework\\src\\General-Store.apk","automationName":"uiautomator2","deviceName":"AshishEmulator"},"platformName":"android","app":"C:\\Users\\DELL\\eclipse-workspace\\AppiumFramework\\src\\General-Store.apk","automationName":"uiautomator2","deviceName":"emulator-5554","deviceUDID":"emulator-5554","appPackage":"com.androidsample.generalstore","deviceApiLevel":28,"platformVersion":"9","deviceScreenSize":"1080x2220","deviceScreenDensity":440,"deviceModel":"AOSP on IA Emulator","deviceManufacturer":"Google","pixelRatio":2.75,"statBarHeight":66,"viewportRect":{"left":0,"top":66,"width":1080,"height":2022},"lastScrollData":null}
&amp#27;[35m[HTTP]&amp#27;[39m &amp#27;[37m<-- GET /wd/hub/session/bf2836e9-4447-4038-8fd4-0d8f1b46a1af &amp#27;[39m&amp#27;[32m200&amp#27;[39m &amp#27;[90m28 ms - 919&amp#27;[39m
&amp#27;[35m[HTTP]&amp#27;[39m &amp#27;[90m&amp#27;[39m
&amp#27;[35m[HTTP]&amp#27;[39m &amp#27;[37m-->&amp#27;[39m &amp#27;[37mGET&amp#27;[39m &amp#27;[37m/wd/hub/session/bf2836e9-4447-4038-8fd4-0d8f1b46a1af&amp#27;[39m
&amp#27;[35m[HTTP]&amp#27;[39m &amp#27;[90m{}&amp#27;[39m
[debug] &amp#27;[35m[W3C (bf2836e9)]&amp#27;[39m Calling AppiumDriver.getSession() with args: ["bf2836e9-4447-4038-8fd4-0d8f1b46a1af"]
[debug] &amp#27;[35m[UiAutomator2]&amp#27;[39m Getting session details from server to mix in
[debug] &amp#27;[35m[WD Proxy]&amp#27;[39m Matched '/' to command name 'getSession'
[debug] &amp#27;[35m[WD Proxy]&amp#27;[39m Proxying [GET /] to [GET http://127.0.0.1:8200/wd/hub/session/a55343cf-3b33-476b-9ab6-1ab879484306] with no body
[debug] &amp#27;[35m[WD Proxy]&amp#27;[39m Got response with status 200: {"sessionId":"a55343cf-3b33-476b-9ab6-1ab879484306","value":{"lastScrollData":null}}
[debug] &amp#27;[35m[W3C (bf2836e9)]&amp#27;[39m Responding to client with driver.getSession() result: {"platform":"LINUX","webStorageEnabled":false,"takesScreenshot":true,"javascriptEnabled":true,"databaseEnabled":false,"networkConnectionEnabled":true,"locationContextEnabled":false,"warnings":{},"desired":{"platformName":"android","app":"C:\\Users\\DELL\\eclipse-workspace\\AppiumFramework\\src\\General-Store.apk","automationName":"uiautomator2","deviceName":"AshishEmulator"},"platformName":"android","app":"C:\\Users\\DELL\\eclipse-workspace\\AppiumFramework\\src\\General-Store.apk","automationName":"uiautomator2","deviceName":"emulator-5554","deviceUDID":"emulator-5554","appPackage":"com.androidsample.generalstore","deviceApiLevel":28,"platformVersion":"9","deviceScreenSize":"1080x2220","deviceScreenDensity":440,"deviceModel":"AOSP on IA Emulator","deviceManufacturer":"Google","pixelRatio":2.75,"statBarHeight":66,"viewportRect":{"left":0,"top":66,"width":1080,"height":2022},"lastScrollData":null}
&amp#27;[35m[HTTP]&amp#27;[39m &amp#27;[37m<-- GET /wd/hub/session/bf2836e9-4447-4038-8fd4-0d8f1b46a1af &amp#27;[39m&amp#27;[32m200&amp#27;[39m &amp#27;[90m30 ms - 919&amp#27;[39m
&amp#27;[35m[HTTP]&amp#27;[39m &amp#27;[90m&amp#27;[39m
&amp#27;[35m[HTTP]&amp#27;[39m &amp#27;[37m-->&amp#27;[39m &amp#27;[37mGET&amp#27;[39m &amp#27;[37m/wd/hub/session/bf2836e9-4447-4038-8fd4-0d8f1b46a1af&amp#27;[39m
&amp#27;[35m[HTTP]&amp#27;[39m &amp#27;[90m{}&amp#27;[39m
[debug] &amp#27;[35m[W3C (bf2836e9)]&amp#27;[39m Calling AppiumDriver.getSession() with args: ["bf2836e9-4447-4038-8fd4-0d8f1b46a1af"]
[debug] &amp#27;[35m[UiAutomator2]&amp#27;[39m Getting session details from server to mix in
[debug] &amp#27;[35m[WD Proxy]&amp#27;[39m Matched '/' to command name 'getSession'
[debug] &amp#27;[35m[WD Proxy]&amp#27;[39m Proxying [GET /] to [GET http://127.0.0.1:8200/wd/hub/session/a55343cf-3b33-476b-9ab6-1ab879484306] with no body
[debug] &amp#27;[35m[WD Proxy]&amp#27;[39m Got response with status 200: {"sessionId":"a55343cf-3b33-476b-9ab6-1ab879484306","value":{"lastScrollData":null}}
[debug] &amp#27;[35m[W3C (bf2836e9)]&amp#27;[39m Responding to client with driver.getSession() result: {"platform":"LINUX","webStorageEnabled":false,"takesScreenshot":true,"javascriptEnabled":true,"databaseEnabled":false,"networkConnectionEnabled":true,"locationContextEnabled":false,"warnings":{},"desired":{"platformName":"android","app":"C:\\Users\\DELL\\eclipse-workspace\\AppiumFramework\\src\\General-Store.apk","automationName":"uiautomator2","deviceName":"AshishEmulator"},"platformName":"android","app":"C:\\Users\\DELL\\eclipse-workspace\\AppiumFramework\\src\\General-Store.apk","automationName":"uiautomator2","deviceName":"emulator-5554","deviceUDID":"emulator-5554","appPackage":"com.androidsample.generalstore","deviceApiLevel":28,"platformVersion":"9","deviceScreenSize":"1080x2220","deviceScreenDensity":440,"deviceModel":"AOSP on IA Emulator","deviceManufacturer":"Google","pixelRatio":2.75,"statBarHeight":66,"viewportRect":{"left":0,"top":66,"width":1080,"height":2022},"lastScrollData":null}
&amp#27;[35m[HTTP]&amp#27;[39m &amp#27;[37m<-- GET /wd/hub/session/bf2836e9-4447-4038-8fd4-0d8f1b46a1af &amp#27;[39m&amp#27;[32m200&amp#27;[39m &amp#27;[90m24 ms - 919&amp#27;[39m
&amp#27;[35m[HTTP]&amp#27;[39m &amp#27;[90m&amp#27;[39m
&amp#27;[35m[HTTP]&amp#27;[39m &amp#27;[37m-->&amp#27;[39m &amp#27;[37mGET&amp#27;[39m &amp#27;[37m/wd/hub/session/bf2836e9-4447-4038-8fd4-0d8f1b46a1af&amp#27;[39m
&amp#27;[35m[HTTP]&amp#27;[39m &amp#27;[90m{}&amp#27;[39m
[debug] &amp#27;[35m[W3C (bf2836e9)]&amp#27;[39m Calling AppiumDriver.getSession() with args: ["bf2836e9-4447-4038-8fd4-0d8f1b46a1af"]
[debug] &amp#27;[35m[UiAutomator2]&amp#27;[39m Getting session details from server to mix in
[debug] &amp#27;[35m[WD Proxy]&amp#27;[39m Matched '/' to command name 'getSession'
[debug] &amp#27;[35m[WD Proxy]&amp#27;[39m Proxying [GET /] to [GET http://127.0.0.1:8200/wd/hub/session/a55343cf-3b33-476b-9ab6-1ab879484306] with no body
[debug] &amp#27;[35m[WD Proxy]&amp#27;[39m Got response with status 200: {"sessionId":"a55343cf-3b33-476b-9ab6-1ab879484306","value":{"lastScrollData":null}}
[debug] &amp#27;[35m[W3C (bf2836e9)]&amp#27;[39m Responding to client with driver.getSession() result: {"platform":"LINUX","webStorageEnabled":false,"takesScreenshot":true,"javascriptEnabled":true,"databaseEnabled":false,"networkConnectionEnabled":true,"locationContextEnabled":false,"warnings":{},"desired":{"platformName":"android","app":"C:\\Users\\DELL\\eclipse-workspace\\AppiumFramework\\src\\General-Store.apk","automationName":"uiautomator2","deviceName":"AshishEmulator"},"platformName":"android","app":"C:\\Users\\DELL\\eclipse-workspace\\AppiumFramework\\src\\General-Store.apk","automationName":"uiautomator2","deviceName":"emulator-5554","deviceUDID":"emulator-5554","appPackage":"com.androidsample.generalstore","deviceApiLevel":28,"platformVersion":"9","deviceScreenSize":"1080x2220","deviceScreenDensity":440,"deviceModel":"AOSP on IA Emulator","deviceManufacturer":"Google","pixelRatio":2.75,"statBarHeight":66,"viewportRect":{"left":0,"top":66,"width":1080,"height":2022},"lastScrollData":null}
&amp#27;[35m[HTTP]&amp#27;[39m &amp#27;[37m<-- GET /wd/hub/session/bf2836e9-4447-4038-8fd4-0d8f1b46a1af &amp#27;[39m&amp#27;[32m200&amp#27;[39m &amp#27;[90m27 ms - 919&amp#27;[39m
&amp#27;[35m[HTTP]&amp#27;[39m &amp#27;[90m&amp#27;[39m
&amp#27;[35m[HTTP]&amp#27;[39m &amp#27;[37m-->&amp#27;[39m &amp#27;[37mPOST&amp#27;[39m &amp#27;[37m/wd/hub/session/bf2836e9-4447-4038-8fd4-0d8f1b46a1af/timeouts&amp#27;[39m
&amp#27;[35m[HTTP]&amp#27;[39m &amp#27;[90m{"implicit":10000}&amp#27;[39m
[debug] &amp#27;[35m[W3C (bf2836e9)]&amp#27;[39m Calling AppiumDriver.timeouts() with args: [null,null,null,null,10000,"bf2836e9-4447-4038-8fd4-0d8f1b46a1af"]
[debug] &amp#27;[35m[BaseDriver]&amp#27;[39m W3C timeout argument: {"implicit":10000}}
[debug] &amp#27;[35m[BaseDriver]&amp#27;[39m Set implicit wait to 10000ms
[debug] &amp#27;[35m[W3C (bf2836e9)]&amp#27;[39m Responding to client with driver.timeouts() result: null
&amp#27;[35m[HTTP]&amp#27;[39m &amp#27;[37m<-- POST /wd/hub/session/bf2836e9-4447-4038-8fd4-0d8f1b46a1af/timeouts &amp#27;[39m&amp#27;[32m200&amp#27;[39m &amp#27;[90m6 ms - 14&amp#27;[39m
&amp#27;[35m[HTTP]&amp#27;[39m &amp#27;[90m&amp#27;[39m
&amp#27;[35m[HTTP]&amp#27;[39m &amp#27;[37m-->&amp#27;[39m &amp#27;[37mGET&amp#27;[39m &amp#27;[37m/wd/hub/session/bf2836e9-4447-4038-8fd4-0d8f1b46a1af&amp#27;[39m
&amp#27;[35m[HTTP]&amp#27;[39m &amp#27;[90m{}&amp#27;[39m
[debug] &amp#27;[35m[W3C (bf2836e9)]&amp#27;[39m Calling AppiumDriver.getSession() with args: ["bf2836e9-4447-4038-8fd4-0d8f1b46a1af"]
[debug] &amp#27;[35m[UiAutomator2]&amp#27;[39m Getting session details from server to mix in
[debug] &amp#27;[35m[WD Proxy]&amp#27;[39m Matched '/' to command name 'getSession'
[debug] &amp#27;[35m[WD Proxy]&amp#27;[39m Proxying [GET /] to [GET http://127.0.0.1:8200/wd/hub/session/a55343cf-3b33-476b-9ab6-1ab879484306] with no body
[debug] &amp#27;[35m[WD Proxy]&amp#27;[39m Got response with status 200: {"sessionId":"a55343cf-3b33-476b-9ab6-1ab879484306","value":{"lastScrollData":null}}
[debug] &amp#27;[35m[W3C (bf2836e9)]&amp#27;[39m Responding to client with driver.getSession() result: {"platform":"LINUX","webStorageEnabled":false,"takesScreenshot":true,"javascriptEnabled":true,"databaseEnabled":false,"networkConnectionEnabled":true,"locationContextEnabled":false,"warnings":{},"desired":{"platformName":"android","app":"C:\\Users\\DELL\\eclipse-workspace\\AppiumFramework\\src\\General-Store.apk","automationName":"uiautomator2","deviceName":"AshishEmulator"},"platformName":"android","app":"C:\\Users\\DELL\\eclipse-workspace\\AppiumFramework\\src\\General-Store.apk","automationName":"uiautomator2","deviceName":"emulator-5554","deviceUDID":"emulator-5554","appPackage":"com.androidsample.generalstore","deviceApiLevel":28,"platformVersion":"9","deviceScreenSize":"1080x2220","deviceScreenDensity":440,"deviceModel":"AOSP on IA Emulator","deviceManufacturer":"Google","pixelRatio":2.75,"statBarHeight":66,"viewportRect":{"left":0,"top":66,"width":1080,"height":2022},"lastScrollData":null}
&amp#27;[35m[HTTP]&amp#27;[39m &amp#27;[37m<-- GET /wd/hub/session/bf2836e9-4447-4038-8fd4-0d8f1b46a1af &amp#27;[39m&amp#27;[32m200&amp#27;[39m &amp#27;[90m21 ms - 919&amp#27;[39m
&amp#27;[35m[HTTP]&amp#27;[39m &amp#27;[90m&amp#27;[39m
&amp#27;[35m[HTTP]&amp#27;[39m &amp#27;[37m-->&amp#27;[39m &amp#27;[37mPOST&amp#27;[39m &amp#27;[37m/wd/hub/session/bf2836e9-4447-4038-8fd4-0d8f1b46a1af/element&amp#27;[39m
&amp#27;[35m[HTTP]&amp#27;[39m &amp#27;[90m{"using":"id","value":"com.androidsample.generalstore:id/nameField"}&amp#27;[39m
[debug] &amp#27;[35m[W3C (bf2836e9)]&amp#27;[39m Calling AppiumDriver.findElement() with args: ["id","com.androidsample.generalstore:id/nameField","bf2836e9-4447-4038-8fd4-0d8f1b46a1af"]
[debug] &amp#27;[35m[BaseDriver]&amp#27;[39m Valid locator strategies for this request: xpath, id, class name, accessibility id, -android uiautomator
[debug] &amp#27;[35m[BaseDriver]&amp#27;[39m Waiting up to 10000 ms for condition
[debug] &amp#27;[35m[WD Proxy]&amp#27;[39m Matched '/element' to command name 'findElement'
[debug] &amp#27;[35m[WD Proxy]&amp#27;[39m Proxying [POST /element] to [POST http://127.0.0.1:8200/wd/hub/session/a55343cf-3b33-476b-9ab6-1ab879484306/element] with body: {"strategy":"id","selector":"com.androidsample.generalstore:id/nameField","context":"","multiple":false}
&amp#27;[35m[WD Proxy]&amp#27;[39m Got response with status 404: {"sessionId":"a55343cf-3b33-476b-9ab6-1ab879484306","value":{"error":"no such element","message":"An element could not be located on the page using the given search parameters","stacktrace":"io.appium.uiautomator2.common.exceptions.ElementNotFoundException: An element could not be located on the page using the given search parameters\n\tat io.appium.uiautomator2.handler.FindElement.safeHandle(FindElement.java:73)\n\tat io.appium.uiautomator2.handler.request.SafeRequestHandler.handle(SafeRequestHandler.java:41)\n\tat io.appium.uiautomator2.server.AppiumServlet.handleRequest(AppiumServlet.java:253)\n\tat io.appium.uiautomator2.server.AppiumServlet.handleHttpRequest(AppiumServlet.java:247)\n\tat io.appium.uiautomator2.http.ServerHandler.channelRead(ServerHandler.java:68)\n\tat io.netty.channel.AbstractChannelHandlerContext.invokeChannelRead(AbstractChannelHandlerContext.java:366)\n\tat io.netty.channel.AbstractChannelHandlerContext.invokeChannelRead(AbstractChannelHandlerContext.java:352)\n\tat io.netty.chann...
[debug] &amp#27;[35m[W3C]&amp#27;[39m Matched W3C error code 'no such element' to NoSuchElementError
[debug] &amp#27;[35m[BaseDriver]&amp#27;[39m Waited for 50 ms so far
[debug] &amp#27;[35m[WD Proxy]&amp#27;[39m Matched '/element' to command name 'findElement'
[debug] &amp#27;[35m[WD Proxy]&amp#27;[39m Proxying [POST /element] to [POST http://127.0.0.1:8200/wd/hub/session/a55343cf-3b33-476b-9ab6-1ab879484306/element] with body: {"strategy":"id","selector":"com.androidsample.generalstore:id/nameField","context":"","multiple":false}
&amp#27;[35m[WD Proxy]&amp#27;[39m Got response with status 404: {"sessionId":"a55343cf-3b33-476b-9ab6-1ab879484306","value":{"error":"no such element","message":"An element could not be located on the page using the given search parameters","stacktrace":"io.appium.uiautomator2.common.exceptions.ElementNotFoundException: An element could not be located on the page using the given search parameters\n\tat io.appium.uiautomator2.handler.FindElement.safeHandle(FindElement.java:73)\n\tat io.appium.uiautomator2.handler.request.SafeRequestHandler.handle(SafeRequestHandler.java:41)\n\tat io.appium.uiautomator2.server.AppiumServlet.handleRequest(AppiumServlet.java:253)\n\tat io.appium.uiautomator2.server.AppiumServlet.handleHttpRequest(AppiumServlet.java:247)\n\tat io.appium.uiautomator2.http.ServerHandler.channelRead(ServerHandler.java:68)\n\tat io.netty.channel.AbstractChannelHandlerContext.invokeChannelRead(AbstractChannelHandlerContext.java:366)\n\tat io.netty.channel.AbstractChannelHandlerContext.invokeChannelRead(AbstractChannelHandlerContext.java:352)\n\tat io.netty.chann...
[debug] &amp#27;[35m[W3C]&amp#27;[39m Matched W3C error code 'no such element' to NoSuchElementError
[debug] &amp#27;[35m[BaseDriver]&amp#27;[39m Waited for 598 ms so far
[debug] &amp#27;[35m[WD Proxy]&amp#27;[39m Matched '/element' to command name 'findElement'
[debug] &amp#27;[35m[WD Proxy]&amp#27;[39m Proxying [POST /element] to [POST http://127.0.0.1:8200/wd/hub/session/a55343cf-3b33-476b-9ab6-1ab879484306/element] with body: {"strategy":"id","selector":"com.androidsample.generalstore:id/nameField","context":"","multiple":false}
[debug] &amp#27;[35m[WD Proxy]&amp#27;[39m Got response with status 200: {"sessionId":"a55343cf-3b33-476b-9ab6-1ab879484306","value":{"ELEMENT":"f338c7aa-a6e4-4bf8-b087-7d97f91d96d4","element-6066-11e4-a52e-4f735466cecf":"f338c7aa-a6e4-4bf8-b087-7d97f91d96d4"}}
[debug] &amp#27;[35m[W3C (bf2836e9)]&amp#27;[39m Responding to client with driver.findElement() result: {"element-6066-11e4-a52e-4f735466cecf":"f338c7aa-a6e4-4bf8-b087-7d97f91d96d4","ELEMENT":"f338c7aa-a6e4-4bf8-b087-7d97f91d96d4"}
&amp#27;[35m[HTTP]&amp#27;[39m &amp#27;[37m<-- POST /wd/hub/session/bf2836e9-4447-4038-8fd4-0d8f1b46a1af/element &amp#27;[39m&amp#27;[32m200&amp#27;[39m &amp#27;[90m2811 ms - 137&amp#27;[39m
&amp#27;[35m[HTTP]&amp#27;[39m &amp#27;[90m&amp#27;[39m
&amp#27;[35m[HTTP]&amp#27;[39m &amp#27;[37m-->&amp#27;[39m &amp#27;[37mPOST&amp#27;[39m &amp#27;[37m/wd/hub/session/bf2836e9-4447-4038-8fd4-0d8f1b46a1af/element/f338c7aa-a6e4-4bf8-b087-7d97f91d96d4/value&amp#27;[39m
&amp#27;[35m[HTTP]&amp#27;[39m &amp#27;[90m{"id":"f338c7aa-a6e4-4bf8-b087-7d97f91d96d4","text":"hello","value":["h","e","l","l","o"]}&amp#27;[39m
[debug] &amp#27;[35m[W3C (bf2836e9)]&amp#27;[39m Calling AppiumDriver.setValue() with args: [["h","e","l","l","o"],"f338c7aa-a6e4-4bf8-b087-7d97f91d96d4","bf2836e9-4447-4038-8fd4-0d8f1b46a1af"]
[debug] &amp#27;[35m[WD Proxy]&amp#27;[39m Matched '/element/f338c7aa-a6e4-4bf8-b087-7d97f91d96d4/value' to command name 'setValue'
[debug] &amp#27;[35m[Protocol Converter]&amp#27;[39m Added 'value' property ["h","e","l","l","o"] to 'setValue' request body
[debug] &amp#27;[35m[WD Proxy]&amp#27;[39m Proxying [POST /element/f338c7aa-a6e4-4bf8-b087-7d97f91d96d4/value] to [POST http://127.0.0.1:8200/wd/hub/session/a55343cf-3b33-476b-9ab6-1ab879484306/element/f338c7aa-a6e4-4bf8-b087-7d97f91d96d4/value] with body: {"elementId":"f338c7aa-a6e4-4bf8-b087-7d97f91d96d4","text":"hello","replace":false,"value":["h","e","l","l","o"]}
[debug] &amp#27;[35m[WD Proxy]&amp#27;[39m Got response with status 200: {"sessionId":"a55343cf-3b33-476b-9ab6-1ab879484306","value":null}
[debug] &amp#27;[35m[W3C (bf2836e9)]&amp#27;[39m Responding to client with driver.setValue() result: null
&amp#27;[35m[HTTP]&amp#27;[39m &amp#27;[37m<-- POST /wd/hub/session/bf2836e9-4447-4038-8fd4-0d8f1b46a1af/element/f338c7aa-a6e4-4bf8-b087-7d97f91d96d4/value &amp#27;[39m&amp#27;[32m200&amp#27;[39m &amp#27;[90m554 ms - 14&amp#27;[39m
&amp#27;[35m[HTTP]&amp#27;[39m &amp#27;[90m&amp#27;[39m
&amp#27;[35m[HTTP]&amp#27;[39m &amp#27;[37m-->&amp#27;[39m &amp#27;[37mPOST&amp#27;[39m &amp#27;[37m/wd/hub/session/bf2836e9-4447-4038-8fd4-0d8f1b46a1af/appium/device/hide_keyboard&amp#27;[39m
&amp#27;[35m[HTTP]&amp#27;[39m &amp#27;[90m{}&amp#27;[39m
[debug] &amp#27;[35m[W3C (bf2836e9)]&amp#27;[39m Calling AppiumDriver.hideKeyboard() with args: [null,null,null,null,"bf2836e9-4447-4038-8fd4-0d8f1b46a1af"]
[debug] &amp#27;[35m[ADB]&amp#27;[39m Running 'C:\Users\DELL\AppData\Local\Android\Sdk\platform-tools\adb.exe -P 5037 -s emulator-5554 shell dumpsys input_method'
&amp#27;[35m[AndroidDriver]&amp#27;[39m Keyboard has no UI; no closing necessary
[debug] &amp#27;[35m[W3C (bf2836e9)]&amp#27;[39m Responding to client with driver.hideKeyboard() result: null
&amp#27;[35m[HTTP]&amp#27;[39m &amp#27;[37m<-- POST /wd/hub/session/bf2836e9-4447-4038-8fd4-0d8f1b46a1af/appium/device/hide_keyboard &amp#27;[39m&amp#27;[32m200&amp#27;[39m &amp#27;[90m112 ms - 14&amp#27;[39m
&amp#27;[35m[HTTP]&amp#27;[39m &amp#27;[90m&amp#27;[39m
&amp#27;[35m[HTTP]&amp#27;[39m &amp#27;[37m-->&amp#27;[39m &amp#27;[37mGET&amp#27;[39m &amp#27;[37m/wd/hub/session/bf2836e9-4447-4038-8fd4-0d8f1b46a1af&amp#27;[39m
&amp#27;[35m[HTTP]&amp#27;[39m &amp#27;[90m{}&amp#27;[39m
[debug] &amp#27;[35m[W3C (bf2836e9)]&amp#27;[39m Calling AppiumDriver.getSession() with args: ["bf2836e9-4447-4038-8fd4-0d8f1b46a1af"]
[debug] &amp#27;[35m[UiAutomator2]&amp#27;[39m Getting session details from server to mix in
[debug] &amp#27;[35m[WD Proxy]&amp#27;[39m Matched '/' to command name 'getSession'
[debug] &amp#27;[35m[WD Proxy]&amp#27;[39m Proxying [GET /] to [GET http://127.0.0.1:8200/wd/hub/session/a55343cf-3b33-476b-9ab6-1ab879484306] with no body
[debug] &amp#27;[35m[WD Proxy]&amp#27;[39m Got response with status 200: {"sessionId":"a55343cf-3b33-476b-9ab6-1ab879484306","value":{"lastScrollData":null}}
[debug] &amp#27;[35m[W3C (bf2836e9)]&amp#27;[39m Responding to client with driver.getSession() result: {"platform":"LINUX","webStorageEnabled":false,"takesScreenshot":true,"javascriptEnabled":true,"databaseEnabled":false,"networkConnectionEnabled":true,"locationContextEnabled":false,"warnings":{},"desired":{"platformName":"android","app":"C:\\Users\\DELL\\eclipse-workspace\\AppiumFramework\\src\\General-Store.apk","automationName":"uiautomator2","deviceName":"AshishEmulator"},"platformName":"android","app":"C:\\Users\\DELL\\eclipse-workspace\\AppiumFramework\\src\\General-Store.apk","automationName":"uiautomator2","deviceName":"emulator-5554","deviceUDID":"emulator-5554","appPackage":"com.androidsample.generalstore","deviceApiLevel":28,"platformVersion":"9","deviceScreenSize":"1080x2220","deviceScreenDensity":440,"deviceModel":"AOSP on IA Emulator","deviceManufacturer":"Google","pixelRatio":2.75,"statBarHeight":66,"viewportRect":{"left":0,"top":66,"width":1080,"height":2022},"lastScrollData":null}
&amp#27;[35m[HTTP]&amp#27;[39m &amp#27;[37m<-- GET /wd/hub/session/bf2836e9-4447-4038-8fd4-0d8f1b46a1af &amp#27;[39m&amp#27;[32m200&amp#27;[39m &amp#27;[90m14 ms - 919&amp#27;[39m
&amp#27;[35m[HTTP]&amp#27;[39m &amp#27;[90m&amp#27;[39m
&amp#27;[35m[HTTP]&amp#27;[39m &amp#27;[37m-->&amp#27;[39m &amp#27;[37mPOST&amp#27;[39m &amp#27;[37m/wd/hub/session/bf2836e9-4447-4038-8fd4-0d8f1b46a1af/element&amp#27;[39m
&amp#27;[35m[HTTP]&amp#27;[39m &amp#27;[90m{"using":"xpath","value":"//*[@text='Female']"}&amp#27;[39m
[debug] &amp#27;[35m[W3C (bf2836e9)]&amp#27;[39m Calling AppiumDriver.findElement() with args: ["xpath","//*[@text='Female']","bf2836e9-4447-4038-8fd4-0d8f1b46a1af"]
[debug] &amp#27;[35m[BaseDriver]&amp#27;[39m Valid locator strategies for this request: xpath, id, class name, accessibility id, -android uiautomator
[debug] &amp#27;[35m[BaseDriver]&amp#27;[39m Waiting up to 10000 ms for condition
[debug] &amp#27;[35m[WD Proxy]&amp#27;[39m Matched '/element' to command name 'findElement'
[debug] &amp#27;[35m[WD Proxy]&amp#27;[39m Proxying [POST /element] to [POST http://127.0.0.1:8200/wd/hub/session/a55343cf-3b33-476b-9ab6-1ab879484306/element] with body: {"strategy":"xpath","selector":"//*[@text='Female']","context":"","multiple":false}
[debug] &amp#27;[35m[WD Proxy]&amp#27;[39m Got response with status 200: {"sessionId":"a55343cf-3b33-476b-9ab6-1ab879484306","value":{"ELEMENT":"59d5539b-e7d4-403c-9cc2-5d675df9d39e","element-6066-11e4-a52e-4f735466cecf":"59d5539b-e7d4-403c-9cc2-5d675df9d39e"}}
[debug] &amp#27;[35m[W3C (bf2836e9)]&amp#27;[39m Responding to client with driver.findElement() result: {"element-6066-11e4-a52e-4f735466cecf":"59d5539b-e7d4-403c-9cc2-5d675df9d39e","ELEMENT":"59d5539b-e7d4-403c-9cc2-5d675df9d39e"}
&amp#27;[35m[HTTP]&amp#27;[39m &amp#27;[37m<-- POST /wd/hub/session/bf2836e9-4447-4038-8fd4-0d8f1b46a1af/element &amp#27;[39m&amp#27;[32m200&amp#27;[39m &amp#27;[90m503 ms - 137&amp#27;[39m
&amp#27;[35m[HTTP]&amp#27;[39m &amp#27;[90m&amp#27;[39m
&amp#27;[35m[HTTP]&amp#27;[39m &amp#27;[37m-->&amp#27;[39m &amp#27;[37mPOST&amp#27;[39m &amp#27;[37m/wd/hub/session/bf2836e9-4447-4038-8fd4-0d8f1b46a1af/element/59d5539b-e7d4-403c-9cc2-5d675df9d39e/click&amp#27;[39m
&amp#27;[35m[HTTP]&amp#27;[39m &amp#27;[90m{"id":"59d5539b-e7d4-403c-9cc2-5d675df9d39e"}&amp#27;[39m
[debug] &amp#27;[35m[W3C (bf2836e9)]&amp#27;[39m Calling AppiumDriver.click() with args: ["59d5539b-e7d4-403c-9cc2-5d675df9d39e","bf2836e9-4447-4038-8fd4-0d8f1b46a1af"]
[debug] &amp#27;[35m[WD Proxy]&amp#27;[39m Matched '/element/59d5539b-e7d4-403c-9cc2-5d675df9d39e/click' to command name 'click'
[debug] &amp#27;[35m[WD Proxy]&amp#27;[39m Proxying [POST /element/59d5539b-e7d4-403c-9cc2-5d675df9d39e/click] to [POST http://127.0.0.1:8200/wd/hub/session/a55343cf-3b33-476b-9ab6-1ab879484306/element/59d5539b-e7d4-403c-9cc2-5d675df9d39e/click] with body: {"element":"59d5539b-e7d4-403c-9cc2-5d675df9d39e"}
[debug] &amp#27;[35m[WD Proxy]&amp#27;[39m Got response with status 200: {"sessionId":"a55343cf-3b33-476b-9ab6-1ab879484306","value":null}
[debug] &amp#27;[35m[W3C (bf2836e9)]&amp#27;[39m Responding to client with driver.click() result: null
&amp#27;[35m[HTTP]&amp#27;[39m &amp#27;[37m<-- POST /wd/hub/session/bf2836e9-4447-4038-8fd4-0d8f1b46a1af/element/59d5539b-e7d4-403c-9cc2-5d675df9d39e/click &amp#27;[39m&amp#27;[32m200&amp#27;[39m &amp#27;[90m30 ms - 14&amp#27;[39m
&amp#27;[35m[HTTP]&amp#27;[39m &amp#27;[90m&amp#27;[39m
&amp#27;[35m[HTTP]&amp#27;[39m &amp#27;[37m-->&amp#27;[39m &amp#27;[37mGET&amp#27;[39m &amp#27;[37m/wd/hub/session/bf2836e9-4447-4038-8fd4-0d8f1b46a1af&amp#27;[39m
&amp#27;[35m[HTTP]&amp#27;[39m &amp#27;[90m{}&amp#27;[39m
[debug] &amp#27;[35m[W3C (bf2836e9)]&amp#27;[39m Calling AppiumDriver.getSession() with args: ["bf2836e9-4447-4038-8fd4-0d8f1b46a1af"]
[debug] &amp#27;[35m[UiAutomator2]&amp#27;[39m Getting session details from server to mix in
[debug] &amp#27;[35m[WD Proxy]&amp#27;[39m Matched '/' to command name 'getSession'
[debug] &amp#27;[35m[WD Proxy]&amp#27;[39m Proxying [GET /] to [GET http://127.0.0.1:8200/wd/hub/session/a55343cf-3b33-476b-9ab6-1ab879484306] with no body
[debug] &amp#27;[35m[WD Proxy]&amp#27;[39m Got response with status 200: {"sessionId":"a55343cf-3b33-476b-9ab6-1ab879484306","value":{"lastScrollData":null}}
[debug] &amp#27;[35m[W3C (bf2836e9)]&amp#27;[39m Responding to client with driver.getSession() result: {"platform":"LINUX","webStorageEnabled":false,"takesScreenshot":true,"javascriptEnabled":true,"databaseEnabled":false,"networkConnectionEnabled":true,"locationContextEnabled":false,"warnings":{},"desired":{"platformName":"android","app":"C:\\Users\\DELL\\eclipse-workspace\\AppiumFramework\\src\\General-Store.apk","automationName":"uiautomator2","deviceName":"AshishEmulator"},"platformName":"android","app":"C:\\Users\\DELL\\eclipse-workspace\\AppiumFramework\\src\\General-Store.apk","automationName":"uiautomator2","deviceName":"emulator-5554","deviceUDID":"emulator-5554","appPackage":"com.androidsample.generalstore","deviceApiLevel":28,"platformVersion":"9","deviceScreenSize":"1080x2220","deviceScreenDensity":440,"deviceModel":"AOSP on IA Emulator","deviceManufacturer":"Google","pixelRatio":2.75,"statBarHeight":66,"viewportRect":{"left":0,"top":66,"width":1080,"height":2022},"lastScrollData":null}
&amp#27;[35m[HTTP]&amp#27;[39m &amp#27;[37m<-- GET /wd/hub/session/bf2836e9-4447-4038-8fd4-0d8f1b46a1af &amp#27;[39m&amp#27;[32m200&amp#27;[39m &amp#27;[90m12 ms - 919&amp#27;[39m
&amp#27;[35m[HTTP]&amp#27;[39m &amp#27;[90m&amp#27;[39m
&amp#27;[35m[HTTP]&amp#27;[39m &amp#27;[37m-->&amp#27;[39m &amp#27;[37mPOST&amp#27;[39m &amp#27;[37m/wd/hub/session/bf2836e9-4447-4038-8fd4-0d8f1b46a1af/element&amp#27;[39m
&amp#27;[35m[HTTP]&amp#27;[39m &amp#27;[90m{"using":"id","value":"android:id/text1"}&amp#27;[39m
[debug] &amp#27;[35m[W3C (bf2836e9)]&amp#27;[39m Calling AppiumDriver.findElement() with args: ["id","android:id/text1","bf2836e9-4447-4038-8fd4-0d8f1b46a1af"]
[debug] &amp#27;[35m[BaseDriver]&amp#27;[39m Valid locator strategies for this request: xpath, id, class name, accessibility id, -android uiautomator
[debug] &amp#27;[35m[BaseDriver]&amp#27;[39m Waiting up to 10000 ms for condition
[debug] &amp#27;[35m[WD Proxy]&amp#27;[39m Matched '/element' to command name 'findElement'
[debug] &amp#27;[35m[WD Proxy]&amp#27;[39m Proxying [POST /element] to [POST http://127.0.0.1:8200/wd/hub/session/a55343cf-3b33-476b-9ab6-1ab879484306/element] with body: {"strategy":"id","selector":"android:id/text1","context":"","multiple":false}
[debug] &amp#27;[35m[WD Proxy]&amp#27;[39m Got response with status 200: {"sessionId":"a55343cf-3b33-476b-9ab6-1ab879484306","value":{"ELEMENT":"59050f87-30a5-4d9c-aa77-942735c6d6ba","element-6066-11e4-a52e-4f735466cecf":"59050f87-30a5-4d9c-aa77-942735c6d6ba"}}
[debug] &amp#27;[35m[W3C (bf2836e9)]&amp#27;[39m Responding to client with driver.findElement() result: {"element-6066-11e4-a52e-4f735466cecf":"59050f87-30a5-4d9c-aa77-942735c6d6ba","ELEMENT":"59050f87-30a5-4d9c-aa77-942735c6d6ba"}
&amp#27;[35m[HTTP]&amp#27;[39m &amp#27;[37m<-- POST /wd/hub/session/bf2836e9-4447-4038-8fd4-0d8f1b46a1af/element &amp#27;[39m&amp#27;[32m200&amp#27;[39m &amp#27;[90m86 ms - 137&amp#27;[39m
&amp#27;[35m[HTTP]&amp#27;[39m &amp#27;[90m&amp#27;[39m
&amp#27;[35m[HTTP]&amp#27;[39m &amp#27;[37m-->&amp#27;[39m &amp#27;[37mPOST&amp#27;[39m &amp#27;[37m/wd/hub/session/bf2836e9-4447-4038-8fd4-0d8f1b46a1af/element/59050f87-30a5-4d9c-aa77-942735c6d6ba/click&amp#27;[39m
&amp#27;[35m[HTTP]&amp#27;[39m &amp#27;[90m{"id":"59050f87-30a5-4d9c-aa77-942735c6d6ba"}&amp#27;[39m
[debug] &amp#27;[35m[W3C (bf2836e9)]&amp#27;[39m Calling AppiumDriver.click() with args: ["59050f87-30a5-4d9c-aa77-942735c6d6ba","bf2836e9-4447-4038-8fd4-0d8f1b46a1af"]
[debug] &amp#27;[35m[WD Proxy]&amp#27;[39m Matched '/element/59050f87-30a5-4d9c-aa77-942735c6d6ba/click' to command name 'click'
[debug] &amp#27;[35m[WD Proxy]&amp#27;[39m Proxying [POST /element/59050f87-30a5-4d9c-aa77-942735c6d6ba/click] to [POST http://127.0.0.1:8200/wd/hub/session/a55343cf-3b33-476b-9ab6-1ab879484306/element/59050f87-30a5-4d9c-aa77-942735c6d6ba/click] with body: {"element":"59050f87-30a5-4d9c-aa77-942735c6d6ba"}
[debug] &amp#27;[35m[WD Proxy]&amp#27;[39m Got response with status 200: {"sessionId":"a55343cf-3b33-476b-9ab6-1ab879484306","value":null}
[debug] &amp#27;[35m[W3C (bf2836e9)]&amp#27;[39m Responding to client with driver.click() result: null
&amp#27;[35m[HTTP]&amp#27;[39m &amp#27;[37m<-- POST /wd/hub/session/bf2836e9-4447-4038-8fd4-0d8f1b46a1af/element/59050f87-30a5-4d9c-aa77-942735c6d6ba/click &amp#27;[39m&amp#27;[32m200&amp#27;[39m &amp#27;[90m408 ms - 14&amp#27;[39m
&amp#27;[35m[HTTP]&amp#27;[39m &amp#27;[90m&amp#27;[39m
&amp#27;[35m[HTTP]&amp#27;[39m &amp#27;[37m-->&amp#27;[39m &amp#27;[37mPOST&amp#27;[39m &amp#27;[37m/wd/hub/session/bf2836e9-4447-4038-8fd4-0d8f1b46a1af/element&amp#27;[39m
&amp#27;[35m[HTTP]&amp#27;[39m &amp#27;[90m{"using":"-android uiautomator","value":"new UiScrollable(new UiSelector()).scrollIntoView(text(\"Argentina\"));"}&amp#27;[39m
[debug] &amp#27;[35m[W3C (bf2836e9)]&amp#27;[39m Calling AppiumDriver.findElement() with args: ["-android uiautomator","new UiScrollable(new UiSelector()).scrollIntoView(text(\"Argentina\"));","bf2836e9-4447-4038-8fd4-0d8f1b46a1af"]
[debug] &amp#27;[35m[BaseDriver]&amp#27;[39m Valid locator strategies for this request: xpath, id, class name, accessibility id, -android uiautomator
[debug] &amp#27;[35m[BaseDriver]&amp#27;[39m Waiting up to 10000 ms for condition
[debug] &amp#27;[35m[WD Proxy]&amp#27;[39m Matched '/element' to command name 'findElement'
[debug] &amp#27;[35m[WD Proxy]&amp#27;[39m Proxying [POST /element] to [POST http://127.0.0.1:8200/wd/hub/session/a55343cf-3b33-476b-9ab6-1ab879484306/element] with body: {"strategy":"-android uiautomator","selector":"new UiScrollable(new UiSelector()).scrollIntoView(text(\"Argentina\"));","context":"","multiple":false}
[debug] &amp#27;[35m[WD Proxy]&amp#27;[39m Got response with status 200: {"sessionId":"a55343cf-3b33-476b-9ab6-1ab879484306","value":{"ELEMENT":"953b3cd9-d10c-47b0-bc3c-3dbb926e226d","element-6066-11e4-a52e-4f735466cecf":"953b3cd9-d10c-47b0-bc3c-3dbb926e226d"}}
[debug] &amp#27;[35m[W3C (bf2836e9)]&amp#27;[39m Responding to client with driver.findElement() result: {"element-6066-11e4-a52e-4f735466cecf":"953b3cd9-d10c-47b0-bc3c-3dbb926e226d","ELEMENT":"953b3cd9-d10c-47b0-bc3c-3dbb926e226d"}
&amp#27;[35m[HTTP]&amp#27;[39m &amp#27;[37m<-- POST /wd/hub/session/bf2836e9-4447-4038-8fd4-0d8f1b46a1af/element &amp#27;[39m&amp#27;[32m200&amp#27;[39m &amp#27;[90m5121 ms - 137&amp#27;[39m
&amp#27;[35m[HTTP]&amp#27;[39m &amp#27;[90m&amp#27;[39m
&amp#27;[35m[HTTP]&amp#27;[39m &amp#27;[37m-->&amp#27;[39m &amp#27;[37mGET&amp#27;[39m &amp#27;[37m/wd/hub/session/bf2836e9-4447-4038-8fd4-0d8f1b46a1af&amp#27;[39m
&amp#27;[35m[HTTP]&amp#27;[39m &amp#27;[90m{}&amp#27;[39m
[debug] &amp#27;[35m[W3C (bf2836e9)]&amp#27;[39m Calling AppiumDriver.getSession() with args: ["bf2836e9-4447-4038-8fd4-0d8f1b46a1af"]
[debug] &amp#27;[35m[UiAutomator2]&amp#27;[39m Getting session details from server to mix in
[debug] &amp#27;[35m[WD Proxy]&amp#27;[39m Matched '/' to command name 'getSession'
[debug] &amp#27;[35m[WD Proxy]&amp#27;[39m Proxying [GET /] to [GET http://127.0.0.1:8200/wd/hub/session/a55343cf-3b33-476b-9ab6-1ab879484306] with no body
[debug] &amp#27;[35m[WD Proxy]&amp#27;[39m Got response with status 200: {"sessionId":"a55343cf-3b33-476b-9ab6-1ab879484306","value":{"lastScrollData":null}}
[debug] &amp#27;[35m[W3C (bf2836e9)]&amp#27;[39m Responding to client with driver.getSession() result: {"platform":"LINUX","webStorageEnabled":false,"takesScreenshot":true,"javascriptEnabled":true,"databaseEnabled":false,"networkConnectionEnabled":true,"locationContextEnabled":false,"warnings":{},"desired":{"platformName":"android","app":"C:\\Users\\DELL\\eclipse-workspace\\AppiumFramework\\src\\General-Store.apk","automationName":"uiautomator2","deviceName":"AshishEmulator"},"platformName":"android","app":"C:\\Users\\DELL\\eclipse-workspace\\AppiumFramework\\src\\General-Store.apk","automationName":"uiautomator2","deviceName":"emulator-5554","deviceUDID":"emulator-5554","appPackage":"com.androidsample.generalstore","deviceApiLevel":28,"platformVersion":"9","deviceScreenSize":"1080x2220","deviceScreenDensity":440,"deviceModel":"AOSP on IA Emulator","deviceManufacturer":"Google","pixelRatio":2.75,"statBarHeight":66,"viewportRect":{"left":0,"top":66,"width":1080,"height":2022},"lastScrollData":null}
&amp#27;[35m[HTTP]&amp#27;[39m &amp#27;[37m<-- GET /wd/hub/session/bf2836e9-4447-4038-8fd4-0d8f1b46a1af &amp#27;[39m&amp#27;[32m200&amp#27;[39m &amp#27;[90m18 ms - 919&amp#27;[39m
&amp#27;[35m[HTTP]&amp#27;[39m &amp#27;[90m&amp#27;[39m
&amp#27;[35m[HTTP]&amp#27;[39m &amp#27;[37m-->&amp#27;[39m &amp#27;[37mPOST&amp#27;[39m &amp#27;[37m/wd/hub/session/bf2836e9-4447-4038-8fd4-0d8f1b46a1af/element&amp#27;[39m
&amp#27;[35m[HTTP]&amp#27;[39m &amp#27;[90m{"using":"xpath","value":"//*[@text='Argentina']"}&amp#27;[39m
[debug] &amp#27;[35m[W3C (bf2836e9)]&amp#27;[39m Calling AppiumDriver.findElement() with args: ["xpath","//*[@text='Argentina']","bf2836e9-4447-4038-8fd4-0d8f1b46a1af"]
[debug] &amp#27;[35m[BaseDriver]&amp#27;[39m Valid locator strategies for this request: xpath, id, class name, accessibility id, -android uiautomator
[debug] &amp#27;[35m[BaseDriver]&amp#27;[39m Waiting up to 10000 ms for condition
[debug] &amp#27;[35m[WD Proxy]&amp#27;[39m Matched '/element' to command name 'findElement'
[debug] &amp#27;[35m[WD Proxy]&amp#27;[39m Proxying [POST /element] to [POST http://127.0.0.1:8200/wd/hub/session/a55343cf-3b33-476b-9ab6-1ab879484306/element] with body: {"strategy":"xpath","selector":"//*[@text='Argentina']","context":"","multiple":false}
[debug] &amp#27;[35m[WD Proxy]&amp#27;[39m Got response with status 200: {"sessionId":"a55343cf-3b33-476b-9ab6-1ab879484306","value":{"ELEMENT":"99bf79d1-0912-4e44-a5d8-587661c1e393","element-6066-11e4-a52e-4f735466cecf":"99bf79d1-0912-4e44-a5d8-587661c1e393"}}
[debug] &amp#27;[35m[W3C (bf2836e9)]&amp#27;[39m Responding to client with driver.findElement() result: {"element-6066-11e4-a52e-4f735466cecf":"99bf79d1-0912-4e44-a5d8-587661c1e393","ELEMENT":"99bf79d1-0912-4e44-a5d8-587661c1e393"}
&amp#27;[35m[HTTP]&amp#27;[39m &amp#27;[37m<-- POST /wd/hub/session/bf2836e9-4447-4038-8fd4-0d8f1b46a1af/element &amp#27;[39m&amp#27;[32m200&amp#27;[39m &amp#27;[90m84 ms - 137&amp#27;[39m
&amp#27;[35m[HTTP]&amp#27;[39m &amp#27;[90m&amp#27;[39m
&amp#27;[35m[HTTP]&amp#27;[39m &amp#27;[37m-->&amp#27;[39m &amp#27;[37mPOST&amp#27;[39m &amp#27;[37m/wd/hub/session/bf2836e9-4447-4038-8fd4-0d8f1b46a1af/element/99bf79d1-0912-4e44-a5d8-587661c1e393/click&amp#27;[39m
&amp#27;[35m[HTTP]&amp#27;[39m &amp#27;[90m{"id":"99bf79d1-0912-4e44-a5d8-587661c1e393"}&amp#27;[39m
[debug] &amp#27;[35m[W3C (bf2836e9)]&amp#27;[39m Calling AppiumDriver.click() with args: ["99bf79d1-0912-4e44-a5d8-587661c1e393","bf2836e9-4447-4038-8fd4-0d8f1b46a1af"]
[debug] &amp#27;[35m[WD Proxy]&amp#27;[39m Matched '/element/99bf79d1-0912-4e44-a5d8-587661c1e393/click' to command name 'click'
[debug] &amp#27;[35m[WD Proxy]&amp#27;[39m Proxying [POST /element/99bf79d1-0912-4e44-a5d8-587661c1e393/click] to [POST http://127.0.0.1:8200/wd/hub/session/a55343cf-3b33-476b-9ab6-1ab879484306/element/99bf79d1-0912-4e44-a5d8-587661c1e393/click] with body: {"element":"99bf79d1-0912-4e44-a5d8-587661c1e393"}
[debug] &amp#27;[35m[WD Proxy]&amp#27;[39m Got response with status 200: {"sessionId":"a55343cf-3b33-476b-9ab6-1ab879484306","value":null}
[debug] &amp#27;[35m[W3C (bf2836e9)]&amp#27;[39m Responding to client with driver.click() result: null
&amp#27;[35m[HTTP]&amp#27;[39m &amp#27;[37m<-- POST /wd/hub/session/bf2836e9-4447-4038-8fd4-0d8f1b46a1af/element/99bf79d1-0912-4e44-a5d8-587661c1e393/click &amp#27;[39m&amp#27;[32m200&amp#27;[39m &amp#27;[90m673 ms - 14&amp#27;[39m
&amp#27;[35m[HTTP]&amp#27;[39m &amp#27;[90m&amp#27;[39m
&amp#27;[35m[HTTP]&amp#27;[39m &amp#27;[37m-->&amp#27;[39m &amp#27;[37mGET&amp#27;[39m &amp#27;[37m/wd/hub/session/bf2836e9-4447-4038-8fd4-0d8f1b46a1af&amp#27;[39m
&amp#27;[35m[HTTP]&amp#27;[39m &amp#27;[90m{}&amp#27;[39m
[debug] &amp#27;[35m[W3C (bf2836e9)]&amp#27;[39m Calling AppiumDriver.getSession() with args: ["bf2836e9-4447-4038-8fd4-0d8f1b46a1af"]
[debug] &amp#27;[35m[UiAutomator2]&amp#27;[39m Getting session details from server to mix in
[debug] &amp#27;[35m[WD Proxy]&amp#27;[39m Matched '/' to command name 'getSession'
[debug] &amp#27;[35m[WD Proxy]&amp#27;[39m Proxying [GET /] to [GET http://127.0.0.1:8200/wd/hub/session/a55343cf-3b33-476b-9ab6-1ab879484306] with no body
[debug] &amp#27;[35m[WD Proxy]&amp#27;[39m Got response with status 200: {"sessionId":"a55343cf-3b33-476b-9ab6-1ab879484306","value":{"lastScrollData":null}}
[debug] &amp#27;[35m[W3C (bf2836e9)]&amp#27;[39m Responding to client with driver.getSession() result: {"platform":"LINUX","webStorageEnabled":false,"takesScreenshot":true,"javascriptEnabled":true,"databaseEnabled":false,"networkConnectionEnabled":true,"locationContextEnabled":false,"warnings":{},"desired":{"platformName":"android","app":"C:\\Users\\DELL\\eclipse-workspace\\AppiumFramework\\src\\General-Store.apk","automationName":"uiautomator2","deviceName":"AshishEmulator"},"platformName":"android","app":"C:\\Users\\DELL\\eclipse-workspace\\AppiumFramework\\src\\General-Store.apk","automationName":"uiautomator2","deviceName":"emulator-5554","deviceUDID":"emulator-5554","appPackage":"com.androidsample.generalstore","deviceApiLevel":28,"platformVersion":"9","deviceScreenSize":"1080x2220","deviceScreenDensity":440,"deviceModel":"AOSP on IA Emulator","deviceManufacturer":"Google","pixelRatio":2.75,"statBarHeight":66,"viewportRect":{"left":0,"top":66,"width":1080,"height":2022},"lastScrollData":null}
&amp#27;[35m[HTTP]&amp#27;[39m &amp#27;[37m<-- GET /wd/hub/session/bf2836e9-4447-4038-8fd4-0d8f1b46a1af &amp#27;[39m&amp#27;[32m200&amp#27;[39m &amp#27;[90m20 ms - 919&amp#27;[39m
&amp#27;[35m[HTTP]&amp#27;[39m &amp#27;[90m&amp#27;[39m
&amp#27;[35m[HTTP]&amp#27;[39m &amp#27;[37m-->&amp#27;[39m &amp#27;[37mPOST&amp#27;[39m &amp#27;[37m/wd/hub/session/bf2836e9-4447-4038-8fd4-0d8f1b46a1af/element&amp#27;[39m
&amp#27;[35m[HTTP]&amp#27;[39m &amp#27;[90m{"using":"id","value":"com.androidsample.generalstore:id/btnLetsShop"}&amp#27;[39m
[debug] &amp#27;[35m[W3C (bf2836e9)]&amp#27;[39m Calling AppiumDriver.findElement() with args: ["id","com.androidsample.generalstore:id/btnLetsShop","bf2836e9-4447-4038-8fd4-0d8f1b46a1af"]
[debug] &amp#27;[35m[BaseDriver]&amp#27;[39m Valid locator strategies for this request: xpath, id, class name, accessibility id, -android uiautomator
[debug] &amp#27;[35m[BaseDriver]&amp#27;[39m Waiting up to 10000 ms for condition
[debug] &amp#27;[35m[WD Proxy]&amp#27;[39m Matched '/element' to command name 'findElement'
[debug] &amp#27;[35m[WD Proxy]&amp#27;[39m Proxying [POST /element] to [POST http://127.0.0.1:8200/wd/hub/session/a55343cf-3b33-476b-9ab6-1ab879484306/element] with body: {"strategy":"id","selector":"com.androidsample.generalstore:id/btnLetsShop","context":"","multiple":false}
[debug] &amp#27;[35m[WD Proxy]&amp#27;[39m Got response with status 200: {"sessionId":"a55343cf-3b33-476b-9ab6-1ab879484306","value":{"ELEMENT":"ee2514c1-bd76-4126-ab14-7c37a043d33e","element-6066-11e4-a52e-4f735466cecf":"ee2514c1-bd76-4126-ab14-7c37a043d33e"}}
[debug] &amp#27;[35m[W3C (bf2836e9)]&amp#27;[39m Responding to client with driver.findElement() result: {"element-6066-11e4-a52e-4f735466cecf":"ee2514c1-bd76-4126-ab14-7c37a043d33e","ELEMENT":"ee2514c1-bd76-4126-ab14-7c37a043d33e"}
&amp#27;[35m[HTTP]&amp#27;[39m &amp#27;[37m<-- POST /wd/hub/session/bf2836e9-4447-4038-8fd4-0d8f1b46a1af/element &amp#27;[39m&amp#27;[32m200&amp#27;[39m &amp#27;[90m44 ms - 137&amp#27;[39m
&amp#27;[35m[HTTP]&amp#27;[39m &amp#27;[90m&amp#27;[39m
&amp#27;[35m[HTTP]&amp#27;[39m &amp#27;[37m-->&amp#27;[39m &amp#27;[37mPOST&amp#27;[39m &amp#27;[37m/wd/hub/session/bf2836e9-4447-4038-8fd4-0d8f1b46a1af/element/ee2514c1-bd76-4126-ab14-7c37a043d33e/click&amp#27;[39m
&amp#27;[35m[HTTP]&amp#27;[39m &amp#27;[90m{"id":"ee2514c1-bd76-4126-ab14-7c37a043d33e"}&amp#27;[39m
[debug] &amp#27;[35m[W3C (bf2836e9)]&amp#27;[39m Calling AppiumDriver.click() with args: ["ee2514c1-bd76-4126-ab14-7c37a043d33e","bf2836e9-4447-4038-8fd4-0d8f1b46a1af"]
[debug] &amp#27;[35m[WD Proxy]&amp#27;[39m Matched '/element/ee2514c1-bd76-4126-ab14-7c37a043d33e/click' to command name 'click'
[debug] &amp#27;[35m[WD Proxy]&amp#27;[39m Proxying [POST /element/ee2514c1-bd76-4126-ab14-7c37a043d33e/click] to [POST http://127.0.0.1:8200/wd/hub/session/a55343cf-3b33-476b-9ab6-1ab879484306/element/ee2514c1-bd76-4126-ab14-7c37a043d33e/click] with body: {"element":"ee2514c1-bd76-4126-ab14-7c37a043d33e"}
[debug] &amp#27;[35m[WD Proxy]&amp#27;[39m Got response with status 200: {"sessionId":"a55343cf-3b33-476b-9ab6-1ab879484306","value":null}
[debug] &amp#27;[35m[W3C (bf2836e9)]&amp#27;[39m Responding to client with driver.click() result: null
&amp#27;[35m[HTTP]&amp#27;[39m &amp#27;[37m<-- POST /wd/hub/session/bf2836e9-4447-4038-8fd4-0d8f1b46a1af/element/ee2514c1-bd76-4126-ab14-7c37a043d33e/click &amp#27;[39m&amp#27;[32m200&amp#27;[39m &amp#27;[90m49 ms - 14&amp#27;[39m
&amp#27;[35m[HTTP]&amp#27;[39m &amp#27;[90m&amp#27;[39m
&amp#27;[35m[HTTP]&amp#27;[39m &amp#27;[37m-->&amp#27;[39m &amp#27;[37mGET&amp#27;[39m &amp#27;[37m/wd/hub/session/bf2836e9-4447-4038-8fd4-0d8f1b46a1af&amp#27;[39m
&amp#27;[35m[HTTP]&amp#27;[39m &amp#27;[90m{}&amp#27;[39m
[debug] &amp#27;[35m[W3C (bf2836e9)]&amp#27;[39m Calling AppiumDriver.getSession() with args: ["bf2836e9-4447-4038-8fd4-0d8f1b46a1af"]
[debug] &amp#27;[35m[UiAutomator2]&amp#27;[39m Getting session details from server to mix in
[debug] &amp#27;[35m[WD Proxy]&amp#27;[39m Matched '/' to command name 'getSession'
[debug] &amp#27;[35m[WD Proxy]&amp#27;[39m Proxying [GET /] to [GET http://127.0.0.1:8200/wd/hub/session/a55343cf-3b33-476b-9ab6-1ab879484306] with no body
[debug] &amp#27;[35m[WD Proxy]&amp#27;[39m Got response with status 200: {"sessionId":"a55343cf-3b33-476b-9ab6-1ab879484306","value":{"lastScrollData":null}}
[...]
&amp#27;[35m[HTTP]&amp#27;[39m &amp#27;[37m<-- GET /wd/hub/session/fb2b0742-1a9e-4e91-9eda-f35da24375dd &amp#27;[39m&amp#27;[32m200&amp#27;[39m &amp#27;[90m21 ms - 913&amp#27;[39m
&amp#27;[35m[HTTP]&amp#27;[39m &amp#27;[90m&amp#27;[39m
&amp#27;[35m[HTTP]&amp#27;[39m &amp#27;[37m-->&amp#27;[39m &amp#27;[37mGET&amp#27;[39m &amp#27;[37m/wd/hub/session/fb2b0742-1a9e-4e91-9eda-f35da24375dd&amp#27;[39m
&amp#27;[35m[HTTP]&amp#27;[39m &amp#27;[90m{}&amp#27;[39m
[debug] &amp#27;[35m[W3C (fb2b0742)]&amp#27;[39m Calling AppiumDriver.getSession() with args: ["fb2b0742-1a9e-4e91-9eda-f35da24375dd"]
[debug] &amp#27;[35m[UiAutomator2]&amp#27;[39m Getting session details from server to mix in
[debug] &amp#27;[35m[WD Proxy]&amp#27;[39m Matched '/' to command name 'getSession'
[debug] &amp#27;[35m[WD Proxy]&amp#27;[39m Proxying [GET /] to [GET http://127.0.0.1:8202/wd/hub/session/9f99e69a-e6b3-4cee-8042-1245adfa449f] with no body
[debug] &amp#27;[35m[WD Proxy]&amp#27;[39m Got response with status 200: {"sessionId":"9f99e69a-e6b3-4cee-8042-1245adfa449f","value":{"lastScrollData":null}}
[debug] &amp#27;[35m[W3C (fb2b0742)]&amp#27;[39m Responding to client with driver.getSession() result: {"platform":"LINUX","webStorageEnabled":false,"takesScreenshot":true,"javascriptEnabled":true,"databaseEnabled":false,"networkConnectionEnabled":true,"locationContextEnabled":false,"warnings":{},"desired":{"platformName":"android","app":"C:\\Users\\DELL\\eclipse-workspace\\AppiumFramework\\src\\ApiDemos-debug.apk","automationName":"uiautomator2","deviceName":"AshishEmulator"},"platformName":"android","app":"C:\\Users\\DELL\\eclipse-workspace\\AppiumFramework\\src\\ApiDemos-debug.apk","automationName":"uiautomator2","deviceName":"emulator-5554","deviceUDID":"emulator-5554","appPackage":"io.appium.android.apis","deviceApiLevel":28,"platformVersion":"9","deviceScreenSize":"1080x2220","deviceScreenDensity":440,"deviceModel":"AOSP on IA Emulator","deviceManufacturer":"Google","pixelRatio":2.75,"statBarHeight":66,"viewportRect":{"left":0,"top":66,"width":1080,"height":2022},"lastScrollData":null}
&amp#27;[35m[HTTP]&amp#27;[39m &amp#27;[37m<-- GET /wd/hub/session/fb2b0742-1a9e-4e91-9eda-f35da24375dd &amp#27;[39m&amp#27;[32m200&amp#27;[39m &amp#27;[90m13 ms - 913&amp#27;[39m
&amp#27;[35m[HTTP]&amp#27;[39m &amp#27;[90m&amp#27;[39m
&amp#27;[35m[HTTP]&amp#27;[39m &amp#27;[37m-->&amp#27;[39m &amp#27;[37mGET&amp#27;[39m &amp#27;[37m/wd/hub/session/fb2b0742-1a9e-4e91-9eda-f35da24375dd&amp#27;[39m
&amp#27;[35m[HTTP]&amp#27;[39m &amp#27;[90m{}&amp#27;[39m
[debug] &amp#27;[35m[W3C (fb2b0742)]&amp#27;[39m Calling AppiumDriver.getSession() with args: ["fb2b0742-1a9e-4e91-9eda-f35da24375dd"]
[debug] &amp#27;[35m[UiAutomator2]&amp#27;[39m Getting session details from server to mix in
[debug] &amp#27;[35m[WD Proxy]&amp#27;[39m Matched '/' to command name 'getSession'
[debug] &amp#27;[35m[WD Proxy]&amp#27;[39m Proxying [GET /] to [GET http://127.0.0.1:8202/wd/hub/session/9f99e69a-e6b3-4cee-8042-1245adfa449f] with no body
[debug] &amp#27;[35m[WD Proxy]&amp#27;[39m Got response with status 200: {"sessionId":"9f99e69a-e6b3-4cee-8042-1245adfa449f","value":{"lastScrollData":null}}
[debug] &amp#27;[35m[W3C (fb2b0742)]&amp#27;[39m Responding to client with driver.getSession() result: {"platform":"LINUX","webStorageEnabled":false,"takesScreenshot":true,"javascriptEnabled":true,"databaseEnabled":false,"networkConnectionEnabled":true,"locationContextEnabled":false,"warnings":{},"desired":{"platformName":"android","app":"C:\\Users\\DELL\\eclipse-workspace\\AppiumFramework\\src\\ApiDemos-debug.apk","automationName":"uiautomator2","deviceName":"AshishEmulator"},"platformName":"android","app":"C:\\Users\\DELL\\eclipse-workspace\\AppiumFramework\\src\\ApiDemos-debug.apk","automationName":"uiautomator2","deviceName":"emulator-5554","deviceUDID":"emulator-5554","appPackage":"io.appium.android.apis","deviceApiLevel":28,"platformVersion":"9","deviceScreenSize":"1080x2220","deviceScreenDensity":440,"deviceModel":"AOSP on IA Emulator","deviceManufacturer":"Google","pixelRatio":2.75,"statBarHeight":66,"viewportRect":{"left":0,"top":66,"width":1080,"height":2022},"lastScrollData":null}
&amp#27;[35m[HTTP]&amp#27;[39m &amp#27;[37m<-- GET /wd/hub/session/fb2b0742-1a9e-4e91-9eda-f35da24375dd &amp#27;[39m&amp#27;[32m200&amp#27;[39m &amp#27;[90m25 ms - 913&amp#27;[39m
&amp#27;[35m[HTTP]&amp#27;[39m &amp#27;[90m&amp#27;[39m
&amp#27;[35m[HTTP]&amp#27;[39m &amp#27;[37m-->&amp#27;[39m &amp#27;[37mGET&amp#27;[39m &amp#27;[37m/wd/hub/session/fb2b0742-1a9e-4e91-9eda-f35da24375dd&amp#27;[39m
&amp#27;[35m[HTTP]&amp#27;[39m &amp#27;[90m{}&amp#27;[39m
[debug] &amp#27;[35m[W3C (fb2b0742)]&amp#27;[39m Calling AppiumDriver.getSession() with args: ["fb2b0742-1a9e-4e91-9eda-f35da24375dd"]
[debug] &amp#27;[35m[UiAutomator2]&amp#27;[39m Getting session details from server to mix in
[debug] &amp#27;[35m[WD Proxy]&amp#27;[39m Matched '/' to command name 'getSession'
[debug] &amp#27;[35m[WD Proxy]&amp#27;[39m Proxying [GET /] to [GET http://127.0.0.1:8202/wd/hub/session/9f99e69a-e6b3-4cee-8042-1245adfa449f] with no body
[debug] &amp#27;[35m[WD Proxy]&amp#27;[39m Got response with status 200: {"sessionId":"9f99e69a-e6b3-4cee-8042-1245adfa449f","value":{"lastScrollData":null}}
[debug] &amp#27;[35m[W3C (fb2b0742)]&amp#27;[39m Responding to client with driver.getSession() result: {"platform":"LINUX","webStorageEnabled":false,"takesScreenshot":true,"javascriptEnabled":true,"databaseEnabled":false,"networkConnectionEnabled":true,"locationContextEnabled":false,"warnings":{},"desired":{"platformName":"android","app":"C:\\Users\\DELL\\eclipse-workspace\\AppiumFramework\\src\\ApiDemos-debug.apk","automationName":"uiautomator2","deviceName":"AshishEmulator"},"platformName":"android","app":"C:\\Users\\DELL\\eclipse-workspace\\AppiumFramework\\src\\ApiDemos-debug.apk","automationName":"uiautomator2","deviceName":"emulator-5554","deviceUDID":"emulator-5554","appPackage":"io.appium.android.apis","deviceApiLevel":28,"platformVersion":"9","deviceScreenSize":"1080x2220","deviceScreenDensity":440,"deviceModel":"AOSP on IA Emulator","deviceManufacturer":"Google","pixelRatio":2.75,"statBarHeight":66,"viewportRect":{"left":0,"top":66,"width":1080,"height":2022},"lastScrollData":null}
&amp#27;[35m[HTTP]&amp#27;[39m &amp#27;[37m<-- GET /wd/hub/session/fb2b0742-1a9e-4e91-9eda-f35da24375dd &amp#27;[39m&amp#27;[32m200&amp#27;[39m &amp#27;[90m29 ms - 913&amp#27;[39m
&amp#27;[35m[HTTP]&amp#27;[39m &amp#27;[90m&amp#27;[39m
&amp#27;[35m[HTTP]&amp#27;[39m &amp#27;[37m-->&amp#27;[39m &amp#27;[37mGET&amp#27;[39m &amp#27;[37m/wd/hub/session/fb2b0742-1a9e-4e91-9eda-f35da24375dd&amp#27;[39m
&amp#27;[35m[HTTP]&amp#27;[39m &amp#27;[90m{}&amp#27;[39m
[debug] &amp#27;[35m[W3C (fb2b0742)]&amp#27;[39m Calling AppiumDriver.getSession() with args: ["fb2b0742-1a9e-4e91-9eda-f35da24375dd"]
[debug] &amp#27;[35m[UiAutomator2]&amp#27;[39m Getting session details from server to mix in
[debug] &amp#27;[35m[WD Proxy]&amp#27;[39m Matched '/' to command name 'getSession'
[debug] &amp#27;[35m[WD Proxy]&amp#27;[39m Proxying [GET /] to [GET http://127.0.0.1:8202/wd/hub/session/9f99e69a-e6b3-4cee-8042-1245adfa449f] with no body
[debug] &amp#27;[35m[WD Proxy]&amp#27;[39m Got response with status 200: {"sessionId":"9f99e69a-e6b3-4cee-8042-1245adfa449f","value":{"lastScrollData":null}}
[debug] &amp#27;[35m[W3C (fb2b0742)]&amp#27;[39m Responding to client with driver.getSession() result: {"platform":"LINUX","webStorageEnabled":false,"takesScreenshot":true,"javascriptEnabled":true,"databaseEnabled":false,"networkConnectionEnabled":true,"locationContextEnabled":false,"warnings":{},"desired":{"platformName":"android","app":"C:\\Users\\DELL\\eclipse-workspace\\AppiumFramework\\src\\ApiDemos-debug.apk","automationName":"uiautomator2","deviceName":"AshishEmulator"},"platformName":"android","app":"C:\\Users\\DELL\\eclipse-workspace\\AppiumFramework\\src\\ApiDemos-debug.apk","automationName":"uiautomator2","deviceName":"emulator-5554","deviceUDID":"emulator-5554","appPackage":"io.appium.android.apis","deviceApiLevel":28,"platformVersion":"9","deviceScreenSize":"1080x2220","deviceScreenDensity":440,"deviceModel":"AOSP on IA Emulator","deviceManufacturer":"Google","pixelRatio":2.75,"statBarHeight":66,"viewportRect":{"left":0,"top":66,"width":1080,"height":2022},"lastScrollData":null}
&amp#27;[35m[HTTP]&amp#27;[39m &amp#27;[37m<-- GET /wd/hub/session/fb2b0742-1a9e-4e91-9eda-f35da24375dd &amp#27;[39m&amp#27;[32m200&amp#27;[39m &amp#27;[90m24 ms - 913&amp#27;[39m
&amp#27;[35m[HTTP]&amp#27;[39m &amp#27;[90m&amp#27;[39m
&amp#27;[35m[HTTP]&amp#27;[39m &amp#27;[37m-->&amp#27;[39m &amp#27;[37mGET&amp#27;[39m &amp#27;[37m/wd/hub/session/fb2b0742-1a9e-4e91-9eda-f35da24375dd&amp#27;[39m
&amp#27;[35m[HTTP]&amp#27;[39m &amp#27;[90m{}&amp#27;[39m
[debug] &amp#27;[35m[W3C (fb2b0742)]&amp#27;[39m Calling AppiumDriver.getSession() with args: ["fb2b0742-1a9e-4e91-9eda-f35da24375dd"]
[debug] &amp#27;[35m[UiAutomator2]&amp#27;[39m Getting session details from server to mix in
[debug] &amp#27;[35m[WD Proxy]&amp#27;[39m Matched '/' to command name 'getSession'
[debug] &amp#27;[35m[WD Proxy]&amp#27;[39m Proxying [GET /] to [GET http://127.0.0.1:8202/wd/hub/session/9f99e69a-e6b3-4cee-8042-1245adfa449f] with no body
[debug] &amp#27;[35m[WD Proxy]&amp#27;[39m Got response with status 200: {"sessionId":"9f99e69a-e6b3-4cee-8042-1245adfa449f","value":{"lastScrollData":null}}
[debug] &amp#27;[35m[W3C (fb2b0742)]&amp#27;[39m Responding to client with driver.getSession() result: {"platform":"LINUX","webStorageEnabled":false,"takesScreenshot":true,"javascriptEnabled":true,"databaseEnabled":false,"networkConnectionEnabled":true,"locationContextEnabled":false,"warnings":{},"desired":{"platformName":"android","app":"C:\\Users\\DELL\\eclipse-workspace\\AppiumFramework\\src\\ApiDemos-debug.apk","automationName":"uiautomator2","deviceName":"AshishEmulator"},"platformName":"android","app":"C:\\Users\\DELL\\eclipse-workspace\\AppiumFramework\\src\\ApiDemos-debug.apk","automationName":"uiautomator2","deviceName":"emulator-5554","deviceUDID":"emulator-5554","appPackage":"io.appium.android.apis","deviceApiLevel":28,"platformVersion":"9","deviceScreenSize":"1080x2220","deviceScreenDensity":440,"deviceModel":"AOSP on IA Emulator","deviceManufacturer":"Google","pixelRatio":2.75,"statBarHeight":66,"viewportRect":{"left":0,"top":66,"width":1080,"height":2022},"lastScrollData":null}
&amp#27;[35m[HTTP]&amp#27;[39m &amp#27;[37m<-- GET /wd/hub/session/fb2b0742-1a9e-4e91-9eda-f35da24375dd &amp#27;[39m&amp#27;[32m200&amp#27;[39m &amp#27;[90m38 ms - 913&amp#27;[39m
&amp#27;[35m[HTTP]&amp#27;[39m &amp#27;[90m&amp#27;[39m
&amp#27;[35m[HTTP]&amp#27;[39m &amp#27;[37m-->&amp#27;[39m &amp#27;[37mPOST&amp#27;[39m &amp#27;[37m/wd/hub/session/fb2b0742-1a9e-4e91-9eda-f35da24375dd/element&amp#27;[39m
&amp#27;[35m[HTTP]&amp#27;[39m &amp#27;[90m{"using":"xpath","value":"//android.widget.TextView[@text='Preference']"}&amp#27;[39m
[debug] &amp#27;[35m[W3C (fb2b0742)]&amp#27;[39m Calling AppiumDriver.findElement() with args: ["xpath","//android.widget.TextView[@text='Preference']","fb2b0742-1a9e-4e91-9eda-f35da24375dd"]
[debug] &amp#27;[35m[BaseDriver]&amp#27;[39m Valid locator strategies for this request: xpath, id, class name, accessibility id, -android uiautomator
[debug] &amp#27;[35m[BaseDriver]&amp#27;[39m Waiting up to 0 ms for condition
[debug] &amp#27;[35m[WD Proxy]&amp#27;[39m Matched '/element' to command name 'findElement'
[debug] &amp#27;[35m[WD Proxy]&amp#27;[39m Proxying [POST /element] to [POST http://127.0.0.1:8202/wd/hub/session/9f99e69a-e6b3-4cee-8042-1245adfa449f/element] with body: {"strategy":"xpath","selector":"//android.widget.TextView[@text='Preference']","context":"","multiple":false}
[debug] &amp#27;[35m[WD Proxy]&amp#27;[39m Got response with status 200: {"sessionId":"9f99e69a-e6b3-4cee-8042-1245adfa449f","value":{"ELEMENT":"8a0fa453-5825-42cd-9ec7-bff1bf7e1171","element-6066-11e4-a52e-4f735466cecf":"8a0fa453-5825-42cd-9ec7-bff1bf7e1171"}}
[debug] &amp#27;[35m[W3C (fb2b0742)]&amp#27;[39m Responding to client with driver.findElement() result: {"element-6066-11e4-a52e-4f735466cecf":"8a0fa453-5825-42cd-9ec7-bff1bf7e1171","ELEMENT":"8a0fa453-5825-42cd-9ec7-bff1bf7e1171"}
&amp#27;[35m[HTTP]&amp#27;[39m &amp#27;[37m<-- POST /wd/hub/session/fb2b0742-1a9e-4e91-9eda-f35da24375dd/element &amp#27;[39m&amp#27;[32m200&amp#27;[39m &amp#27;[90m317 ms - 137&amp#27;[39m
&amp#27;[35m[HTTP]&amp#27;[39m &amp#27;[90m&amp#27;[39m
&amp#27;[35m[HTTP]&amp#27;[39m &amp#27;[37m-->&amp#27;[39m &amp#27;[37mPOST&amp#27;[39m &amp#27;[37m/wd/hub/session/fb2b0742-1a9e-4e91-9eda-f35da24375dd/element/8a0fa453-5825-42cd-9ec7-bff1bf7e1171/click&amp#27;[39m
&amp#27;[35m[HTTP]&amp#27;[39m &amp#27;[90m{"id":"8a0fa453-5825-42cd-9ec7-bff1bf7e1171"}&amp#27;[39m
[debug] &amp#27;[35m[W3C (fb2b0742)]&amp#27;[39m Calling AppiumDriver.click() with args: ["8a0fa453-5825-42cd-9ec7-bff1bf7e1171","fb2b0742-1a9e-4e91-9eda-f35da24375dd"]
[debug] &amp#27;[35m[WD Proxy]&amp#27;[39m Matched '/element/8a0fa453-5825-42cd-9ec7-bff1bf7e1171/click' to command name 'click'
[debug] &amp#27;[35m[WD Proxy]&amp#27;[39m Proxying [POST /element/8a0fa453-5825-42cd-9ec7-bff1bf7e1171/click] to [POST http://127.0.0.1:8202/wd/hub/session/9f99e69a-e6b3-4cee-8042-1245adfa449f/element/8a0fa453-5825-42cd-9ec7-bff1bf7e1171/click] with body: {"element":"8a0fa453-5825-42cd-9ec7-bff1bf7e1171"}
[debug] &amp#27;[35m[WD Proxy]&amp#27;[39m Got response with status 200: {"sessionId":"9f99e69a-e6b3-4cee-8042-1245adfa449f","value":null}
[debug] &amp#27;[35m[W3C (fb2b0742)]&amp#27;[39m Responding to client with driver.click() result: null
&amp#27;[35m[HTTP]&amp#27;[39m &amp#27;[37m<-- POST /wd/hub/session/fb2b0742-1a9e-4e91-9eda-f35da24375dd/element/8a0fa453-5825-42cd-9ec7-bff1bf7e1171/click &amp#27;[39m&amp#27;[32m200&amp#27;[39m &amp#27;[90m1352 ms - 14&amp#27;[39m
&amp#27;[35m[HTTP]&amp#27;[39m &amp#27;[90m&amp#27;[39m
&amp#27;[35m[HTTP]&amp#27;[39m &amp#27;[37m-->&amp#27;[39m &amp#27;[37mGET&amp#27;[39m &amp#27;[37m/wd/hub/session/fb2b0742-1a9e-4e91-9eda-f35da24375dd&amp#27;[39m
&amp#27;[35m[HTTP]&amp#27;[39m &amp#27;[90m{}&amp#27;[39m
[debug] &amp#27;[35m[W3C (fb2b0742)]&amp#27;[39m Calling AppiumDriver.getSession() with args: ["fb2b0742-1a9e-4e91-9eda-f35da24375dd"]
[debug] &amp#27;[35m[UiAutomator2]&amp#27;[39m Getting session details from server to mix in
[debug] &amp#27;[35m[WD Proxy]&amp#27;[39m Matched '/' to command name 'getSession'
[debug] &amp#27;[35m[WD Proxy]&amp#27;[39m Proxying [GET /] to [GET http://127.0.0.1:8202/wd/hub/session/9f99e69a-e6b3-4cee-8042-1245adfa449f] with no body
[debug] &amp#27;[35m[WD Proxy]&amp#27;[39m Got response with status 200: {"sessionId":"9f99e69a-e6b3-4cee-8042-1245adfa449f","value":{"lastScrollData":null}}
[debug] &amp#27;[35m[W3C (fb2b0742)]&amp#27;[39m Responding to client with driver.getSession() result: {"platform":"LINUX","webStorageEnabled":false,"takesScreenshot":true,"javascriptEnabled":true,"databaseEnabled":false,"networkConnectionEnabled":true,"locationContextEnabled":false,"warnings":{},"desired":{"platformName":"android","app":"C:\\Users\\DELL\\eclipse-workspace\\AppiumFramework\\src\\ApiDemos-debug.apk","automationName":"uiautomator2","deviceName":"AshishEmulator"},"platformName":"android","app":"C:\\Users\\DELL\\eclipse-workspace\\AppiumFramework\\src\\ApiDemos-debug.apk","automationName":"uiautomator2","deviceName":"emulator-5554","deviceUDID":"emulator-5554","appPackage":"io.appium.android.apis","deviceApiLevel":28,"platformVersion":"9","deviceScreenSize":"1080x2220","deviceScreenDensity":440,"deviceModel":"AOSP on IA Emulator","deviceManufacturer":"Google","pixelRatio":2.75,"statBarHeight":66,"viewportRect":{"left":0,"top":66,"width":1080,"height":2022},"lastScrollData":null}
&amp#27;[35m[HTTP]&amp#27;[39m &amp#27;[37m<-- GET /wd/hub/session/fb2b0742-1a9e-4e91-9eda-f35da24375dd &amp#27;[39m&amp#27;[32m200&amp#27;[39m &amp#27;[90m13 ms - 913&amp#27;[39m
&amp#27;[35m[HTTP]&amp#27;[39m &amp#27;[90m&amp#27;[39m
&amp#27;[35m[HTTP]&amp#27;[39m &amp#27;[37m-->&amp#27;[39m &amp#27;[37mPOST&amp#27;[39m &amp#27;[37m/wd/hub/session/fb2b0742-1a9e-4e91-9eda-f35da24375dd/element&amp#27;[39m
&amp#27;[35m[HTTP]&amp#27;[39m &amp#27;[90m{"using":"xpath","value":"//android.widget.TextView[@text='3. Preference dependencies']"}&amp#27;[39m
[debug] &amp#27;[35m[W3C (fb2b0742)]&amp#27;[39m Calling AppiumDriver.findElement() with args: ["xpath","//android.widget.TextView[@text='3. Preference dependencies']","fb2b0742-1a9e-4e91-9eda-f35da24375dd"]
[debug] &amp#27;[35m[BaseDriver]&amp#27;[39m Valid locator strategies for this request: xpath, id, class name, accessibility id, -android uiautomator
[debug] &amp#27;[35m[BaseDriver]&amp#27;[39m Waiting up to 0 ms for condition
[debug] &amp#27;[35m[WD Proxy]&amp#27;[39m Matched '/element' to command name 'findElement'
[debug] &amp#27;[35m[WD Proxy]&amp#27;[39m Proxying [POST /element] to [POST http://127.0.0.1:8202/wd/hub/session/9f99e69a-e6b3-4cee-8042-1245adfa449f/element] with body: {"strategy":"xpath","selector":"//android.widget.TextView[@text='3. Preference dependencies']","context":"","multiple":false}
[debug] &amp#27;[35m[WD Proxy]&amp#27;[39m Got response with status 200: {"sessionId":"9f99e69a-e6b3-4cee-8042-1245adfa449f","value":{"ELEMENT":"48577fa3-63ce-419c-8833-426492e4cb9f","element-6066-11e4-a52e-4f735466cecf":"48577fa3-63ce-419c-8833-426492e4cb9f"}}
[debug] &amp#27;[35m[W3C (fb2b0742)]&amp#27;[39m Responding to client with driver.findElement() result: {"element-6066-11e4-a52e-4f735466cecf":"48577fa3-63ce-419c-8833-426492e4cb9f","ELEMENT":"48577fa3-63ce-419c-8833-426492e4cb9f"}
&amp#27;[35m[HTTP]&amp#27;[39m &amp#27;[37m<-- POST /wd/hub/session/fb2b0742-1a9e-4e91-9eda-f35da24375dd/element &amp#27;[39m&amp#27;[32m200&amp#27;[39m &amp#27;[90m81 ms - 137&amp#27;[39m
&amp#27;[35m[HTTP]&amp#27;[39m &amp#27;[90m&amp#27;[39m
&amp#27;[35m[HTTP]&amp#27;[39m &amp#27;[37m-->&amp#27;[39m &amp#27;[37mPOST&amp#27;[39m &amp#27;[37m/wd/hub/session/fb2b0742-1a9e-4e91-9eda-f35da24375dd/element/48577fa3-63ce-419c-8833-426492e4cb9f/click&amp#27;[39m
&amp#27;[35m[HTTP]&amp#27;[39m &amp#27;[90m{"id":"48577fa3-63ce-419c-8833-426492e4cb9f"}&amp#27;[39m
[debug] &amp#27;[35m[W3C (fb2b0742)]&amp#27;[39m Calling AppiumDriver.click() with args: ["48577fa3-63ce-419c-8833-426492e4cb9f","fb2b0742-1a9e-4e91-9eda-f35da24375dd"]
[debug] &amp#27;[35m[WD Proxy]&amp#27;[39m Matched '/element/48577fa3-63ce-419c-8833-426492e4cb9f/click' to command name 'click'
[debug] &amp#27;[35m[WD Proxy]&amp#27;[39m Proxying [POST /element/48577fa3-63ce-419c-8833-426492e4cb9f/click] to [POST http://127.0.0.1:8202/wd/hub/session/9f99e69a-e6b3-4cee-8042-1245adfa449f/element/48577fa3-63ce-419c-8833-426492e4cb9f/click] with body: {"element":"48577fa3-63ce-419c-8833-426492e4cb9f"}
[debug] &amp#27;[35m[WD Proxy]&amp#27;[39m Got response with status 200: {"sessionId":"9f99e69a-e6b3-4cee-8042-1245adfa449f","value":null}
[debug] &amp#27;[35m[W3C (fb2b0742)]&amp#27;[39m Responding to client with driver.click() result: null
&amp#27;[35m[HTTP]&amp#27;[39m &amp#27;[37m<-- POST /wd/hub/session/fb2b0742-1a9e-4e91-9eda-f35da24375dd/element/48577faStopping the service
3-63ce-419c-8833-426492e4cb9f/click &amp#27;[39m&amp#27;[32m200&amp#27;[39m &amp#27;[90m1176 ms - 14&amp#27;[39m
Stopped the service
]]></system-out>
    <system-err><![CDATA[Sep 27, 2020 9:34:38 AM io.appium.java_client.remote.AppiumCommandExecutor$1 lambda$0
INFO: Detected dialect: W3C
]]></system-err>
  </testcase>
</testsuite>