<?xml version="1.0" encoding="UTF-8"?>
<testng-results skipped="0" failed="0" ignored="0" total="3" passed="3">
  <reporter-output>
  </reporter-output>
  <suite name="Suite" duration-ms="160843" started-at="2020-09-27T08:06:44 IST" finished-at="2020-09-27T08:09:25 IST">
    <groups>
    </groups>
    <test name="Test" duration-ms="160843" started-at="2020-09-27T08:06:44 IST" finished-at="2020-09-27T08:09:25 IST">
      <class name="practise.AppiumFramework.ecommerce_tc_4">
        <test-method status="PASS" signature="killAllnodes()[pri:0, instance:practise.AppiumFramework.ecommerce_tc_4@7cbd213e]" name="killAllnodes" is-config="true" duration-ms="5029" started-at="2020-09-27T08:06:45 IST" finished-at="2020-09-27T08:06:50 IST">
          <reporter-output>
          </reporter-output>
        </test-method> <!-- killAllnodes -->
        <test-method status="PASS" signature="totalValidation(java.lang.String)[pri:0, instance:practise.AppiumFramework.ecommerce_tc_4@7cbd213e]" name="totalValidation" duration-ms="57903" started-at="2020-09-27T08:06:50 IST" data-provider="inputData" finished-at="2020-09-27T08:07:47 IST">
          <params>
            <param index="0">
              <value>
                <![CDATA[hello]]>
              </value>
            </param>
          </params>
          <reporter-output>
          </reporter-output>
        </test-method> <!-- totalValidation -->
        <test-method status="PASS" signature="totalValidation(java.lang.String)[pri:0, instance:practise.AppiumFramework.ecommerce_tc_4@7cbd213e]" name="totalValidation" duration-ms="54953" started-at="2020-09-27T08:07:48 IST" data-provider="inputData" finished-at="2020-09-27T08:08:42 IST">
          <params>
            <param index="0">
              <value>
                <![CDATA[ashish]]>
              </value>
            </param>
          </params>
          <reporter-output>
          </reporter-output>
        </test-method> <!-- totalValidation -->
      </class> <!-- practise.AppiumFramework.ecommerce_tc_4 -->
      <class name="practise.AppiumFramework.ApiDemoTest">
        <test-method status="PASS" signature="apiDemo()[pri:0, instance:practise.AppiumFramework.ApiDemoTest@192d3247]" name="apiDemo" duration-ms="42873" started-at="2020-09-27T08:08:42 IST" finished-at="2020-09-27T08:09:25 IST">
          <reporter-output>
          </reporter-output>
        </test-method> <!-- apiDemo -->
      </class> <!-- practise.AppiumFramework.ApiDemoTest -->
    </test> <!-- Test -->
  </suite> <!-- Suite -->
</testng-results>
